CRITICAL - 2023-07-10 00:17:07 --> Undefined variable $nuevoUsuarios
in APPPATH\Controllers\Home.php on line 42.
 1 APPPATH\Controllers\Home.php(42): CodeIgniter\Debug\Exceptions->errorHandler(2, 'Undefined variable $nuevoUsuarios', 'C:\\xampp\\htdocs\\ci4_p\\app\\Controllers\\Home.php', 42)
 2 SYSTEMPATH\CodeIgniter.php(932): App\Controllers\Home->api()
 3 SYSTEMPATH\CodeIgniter.php(497): CodeIgniter\CodeIgniter->runController(Object(App\Controllers\Home))
 4 SYSTEMPATH\CodeIgniter.php(366): CodeIgniter\CodeIgniter->handleRequest(null, Object(Config\Cache), false)
 5 FCPATH\index.php(67): CodeIgniter\CodeIgniter->run()
CRITICAL - 2023-07-10 00:36:20 --> Undefined variable $route
in APPPATH\Config\Routes.php on line 35.
 1 APPPATH\Config\Routes.php(35): CodeIgniter\Debug\Exceptions->errorHandler(2, 'Undefined variable $route', 'C:\\xampp\\htdocs\\ci4_p\\app\\Config\\Routes.php', 35)
 2 SYSTEMPATH\Router\RouteCollection.php(267): require('C:\\xampp\\htdocs\\ci4_p\\app\\Config\\Routes.php')
 3 SYSTEMPATH\CodeIgniter.php(800): CodeIgniter\Router\RouteCollection->loadRoutes()
 4 SYSTEMPATH\CodeIgniter.php(447): CodeIgniter\CodeIgniter->tryToRouteIt(null)
 5 SYSTEMPATH\CodeIgniter.php(366): CodeIgniter\CodeIgniter->handleRequest(null, Object(Config\Cache), false)
 6 FCPATH\index.php(67): CodeIgniter\CodeIgniter->run()
CRITICAL - 2023-07-10 01:41:18 --> syntax error, unexpected token ":", expecting "]"
in APPPATH\Controllers\Home.php on line 22.
 1 SYSTEMPATH\Autoloader\Autoloader.php(289): CodeIgniter\Autoloader\Autoloader->includeFile('C:\\xampp\\htdocs\\ci4_p\\app\\Controllers\\Home.php')
 2 SYSTEMPATH\Autoloader\Autoloader.php(267): CodeIgniter\Autoloader\Autoloader->loadInNamespace('App\\Controllers\\Home')
 3 [internal function]: CodeIgniter\Autoloader\Autoloader->loadClass('App\\Controllers\\Home')
 4 SYSTEMPATH\CodeIgniter.php(890): class_exists('\\App\\Controllers\\Home', true)
 5 SYSTEMPATH\CodeIgniter.php(484): CodeIgniter\CodeIgniter->startController()
 6 SYSTEMPATH\CodeIgniter.php(366): CodeIgniter\CodeIgniter->handleRequest(null, Object(Config\Cache), false)
 7 FCPATH\index.php(67): CodeIgniter\CodeIgniter->run()
CRITICAL - 2023-07-10 01:58:17 --> Undefined array key "nombres"
in APPPATH\Controllers\Home.php on line 107.
 1 APPPATH\Controllers\Home.php(107): CodeIgniter\Debug\Exceptions->errorHandler(2, 'Undefined array key "nombres"', 'C:\\xampp\\htdocs\\ci4_p\\app\\Controllers\\Home.php', 107)
 2 SYSTEMPATH\CodeIgniter.php(932): App\Controllers\Home->api('Naruto')
 3 SYSTEMPATH\CodeIgniter.php(497): CodeIgniter\CodeIgniter->runController(Object(App\Controllers\Home))
 4 SYSTEMPATH\CodeIgniter.php(366): CodeIgniter\CodeIgniter->handleRequest(null, Object(Config\Cache), false)
 5 FCPATH\index.php(67): CodeIgniter\CodeIgniter->run()
CRITICAL - 2023-07-10 02:14:19 --> Undefined variable $nombreUsuario
in APPPATH\Controllers\Home.php on line 114.
 1 APPPATH\Controllers\Home.php(114): CodeIgniter\Debug\Exceptions->errorHandler(2, 'Undefined variable $nombreUsuario', 'C:\\xampp\\htdocs\\ci4_p\\app\\Controllers\\Home.php', 114)
 2 SYSTEMPATH\CodeIgniter.php(932): App\Controllers\Home->api('Naruto')
 3 SYSTEMPATH\CodeIgniter.php(497): CodeIgniter\CodeIgniter->runController(Object(App\Controllers\Home))
 4 SYSTEMPATH\CodeIgniter.php(366): CodeIgniter\CodeIgniter->handleRequest(null, Object(Config\Cache), false)
 5 FCPATH\index.php(67): CodeIgniter\CodeIgniter->run()
CRITICAL - 2023-07-10 02:30:14 --> syntax error, unexpected token "public"
in APPPATH\Controllers\Home.php on line 131.
 1 SYSTEMPATH\Autoloader\Autoloader.php(289): CodeIgniter\Autoloader\Autoloader->includeFile('C:\\xampp\\htdocs\\ci4_p\\app\\Controllers\\Home.php')
 2 SYSTEMPATH\Autoloader\Autoloader.php(267): CodeIgniter\Autoloader\Autoloader->loadInNamespace('App\\Controllers\\Home')
 3 [internal function]: CodeIgniter\Autoloader\Autoloader->loadClass('App\\Controllers\\Home')
 4 SYSTEMPATH\CodeIgniter.php(890): class_exists('\\App\\Controllers\\Home', true)
 5 SYSTEMPATH\CodeIgniter.php(484): CodeIgniter\CodeIgniter->startController()
 6 SYSTEMPATH\CodeIgniter.php(366): CodeIgniter\CodeIgniter->handleRequest(null, Object(Config\Cache), false)
 7 FCPATH\index.php(67): CodeIgniter\CodeIgniter->run()
CRITICAL - 2023-07-10 02:30:45 --> Undefined variable $nombreanime
in APPPATH\Controllers\Home.php on line 113.
 1 APPPATH\Controllers\Home.php(113): CodeIgniter\Debug\Exceptions->errorHandler(2, 'Undefined variable $nombreanime', 'C:\\xampp\\htdocs\\ci4_p\\app\\Controllers\\Home.php', 113)
 2 SYSTEMPATH\CodeIgniter.php(932): App\Controllers\Home->api('Naruto')
 3 SYSTEMPATH\CodeIgniter.php(497): CodeIgniter\CodeIgniter->runController(Object(App\Controllers\Home))
 4 SYSTEMPATH\CodeIgniter.php(366): CodeIgniter\CodeIgniter->handleRequest(null, Object(Config\Cache), false)
 5 FCPATH\index.php(67): CodeIgniter\CodeIgniter->run()
CRITICAL - 2023-07-10 02:33:56 --> Undefined variable $anime
in APPPATH\Controllers\Home.php on line 109.
 1 APPPATH\Controllers\Home.php(109): CodeIgniter\Debug\Exceptions->errorHandler(2, 'Undefined variable $anime', 'C:\\xampp\\htdocs\\ci4_p\\app\\Controllers\\Home.php', 109)
 2 SYSTEMPATH\CodeIgniter.php(932): App\Controllers\Home->api('Naruto')
 3 SYSTEMPATH\CodeIgniter.php(497): CodeIgniter\CodeIgniter->runController(Object(App\Controllers\Home))
 4 SYSTEMPATH\CodeIgniter.php(366): CodeIgniter\CodeIgniter->handleRequest(null, Object(Config\Cache), false)
 5 FCPATH\index.php(67): CodeIgniter\CodeIgniter->run()
CRITICAL - 2023-07-10 02:37:18 --> Undefined variable $nombreApellido
in APPPATH\Controllers\Home.php on line 108.
 1 APPPATH\Controllers\Home.php(108): CodeIgniter\Debug\Exceptions->errorHandler(2, 'Undefined variable $nombreApellido', 'C:\\xampp\\htdocs\\ci4_p\\app\\Controllers\\Home.php', 108)
 2 SYSTEMPATH\CodeIgniter.php(932): App\Controllers\Home->api('Naruto')
 3 SYSTEMPATH\CodeIgniter.php(497): CodeIgniter\CodeIgniter->runController(Object(App\Controllers\Home))
 4 SYSTEMPATH\CodeIgniter.php(366): CodeIgniter\CodeIgniter->handleRequest(null, Object(Config\Cache), false)
 5 FCPATH\index.php(67): CodeIgniter\CodeIgniter->run()
CRITICAL - 2023-07-10 02:46:20 --> Undefined variable $nombreApellido
in APPPATH\Controllers\Home.php on line 108.
 1 APPPATH\Controllers\Home.php(108): CodeIgniter\Debug\Exceptions->errorHandler(2, 'Undefined variable $nombreApellido', 'C:\\xampp\\htdocs\\ci4_p\\app\\Controllers\\Home.php', 108)
 2 SYSTEMPATH\CodeIgniter.php(932): App\Controllers\Home->api('Naruto')
 3 SYSTEMPATH\CodeIgniter.php(497): CodeIgniter\CodeIgniter->runController(Object(App\Controllers\Home))
 4 SYSTEMPATH\CodeIgniter.php(366): CodeIgniter\CodeIgniter->handleRequest(null, Object(Config\Cache), false)
 5 FCPATH\index.php(67): CodeIgniter\CodeIgniter->run()
