WARNING - 2023-07-13 00:34:21 --> [DEPRECATED] Creation of dynamic property App\Controllers\Home::$db is deprecated in APPPATH\Controllers\Home.php on line 147.
 1 SYSTEMPATH\CodeIgniter.php(932): App\Controllers\Home->testdb()
 2 SYSTEMPATH\CodeIgniter.php(497): CodeIgniter\CodeIgniter->runController(Object(App\Controllers\Home))
 3 SYSTEMPATH\CodeIgniter.php(366): CodeIgniter\CodeIgniter->handleRequest(null, Object(Config\Cache), false)
 4 FCPATH\index.php(67): CodeIgniter\CodeIgniter->run()
WARNING - 2023-07-13 00:34:26 --> [DEPRECATED] Creation of dynamic property App\Controllers\Home::$db is deprecated in APPPATH\Controllers\Home.php on line 147.
 1 SYSTEMPATH\CodeIgniter.php(932): App\Controllers\Home->testdb('29')
 2 SYSTEMPATH\CodeIgniter.php(497): CodeIgniter\CodeIgniter->runController(Object(App\Controllers\Home))
 3 SYSTEMPATH\CodeIgniter.php(366): CodeIgniter\CodeIgniter->handleRequest(null, Object(Config\Cache), false)
 4 FCPATH\index.php(67): CodeIgniter\CodeIgniter->run()
WARNING - 2023-07-13 00:42:35 --> [DEPRECATED] Creation of dynamic property App\Controllers\Home::$db is deprecated in APPPATH\Controllers\Home.php on line 147.
 1 SYSTEMPATH\CodeIgniter.php(932): App\Controllers\Home->testdb('update')
 2 SYSTEMPATH\CodeIgniter.php(497): CodeIgniter\CodeIgniter->runController(Object(App\Controllers\Home))
 3 SYSTEMPATH\CodeIgniter.php(366): CodeIgniter\CodeIgniter->handleRequest(null, Object(Config\Cache), false)
 4 FCPATH\index.php(67): CodeIgniter\CodeIgniter->run()
WARNING - 2023-07-13 00:42:58 --> [DEPRECATED] Creation of dynamic property App\Controllers\Home::$db is deprecated in APPPATH\Controllers\Home.php on line 147.
 1 SYSTEMPATH\CodeIgniter.php(932): App\Controllers\Home->testdb('update', '121231313')
 2 SYSTEMPATH\CodeIgniter.php(497): CodeIgniter\CodeIgniter->runController(Object(App\Controllers\Home))
 3 SYSTEMPATH\CodeIgniter.php(366): CodeIgniter\CodeIgniter->handleRequest(null, Object(Config\Cache), false)
 4 FCPATH\index.php(67): CodeIgniter\CodeIgniter->run()
WARNING - 2023-07-13 00:43:44 --> [DEPRECATED] Creation of dynamic property App\Controllers\Home::$db is deprecated in APPPATH\Controllers\Home.php on line 147.
 1 SYSTEMPATH\CodeIgniter.php(932): App\Controllers\Home->testdb('update', '1234567890')
 2 SYSTEMPATH\CodeIgniter.php(497): CodeIgniter\CodeIgniter->runController(Object(App\Controllers\Home))
 3 SYSTEMPATH\CodeIgniter.php(366): CodeIgniter\CodeIgniter->handleRequest(null, Object(Config\Cache), false)
 4 FCPATH\index.php(67): CodeIgniter\CodeIgniter->run()
WARNING - 2023-07-13 00:43:51 --> [DEPRECATED] Creation of dynamic property App\Controllers\Home::$db is deprecated in APPPATH\Controllers\Home.php on line 147.
 1 SYSTEMPATH\CodeIgniter.php(932): App\Controllers\Home->testdb('update', '2')
 2 SYSTEMPATH\CodeIgniter.php(497): CodeIgniter\CodeIgniter->runController(Object(App\Controllers\Home))
 3 SYSTEMPATH\CodeIgniter.php(366): CodeIgniter\CodeIgniter->handleRequest(null, Object(Config\Cache), false)
 4 FCPATH\index.php(67): CodeIgniter\CodeIgniter->run()
WARNING - 2023-07-13 00:44:11 --> [DEPRECATED] Creation of dynamic property App\Controllers\Home::$db is deprecated in APPPATH\Controllers\Home.php on line 147.
 1 SYSTEMPATH\CodeIgniter.php(932): App\Controllers\Home->testdb('update', '1')
 2 SYSTEMPATH\CodeIgniter.php(497): CodeIgniter\CodeIgniter->runController(Object(App\Controllers\Home))
 3 SYSTEMPATH\CodeIgniter.php(366): CodeIgniter\CodeIgniter->handleRequest(null, Object(Config\Cache), false)
 4 FCPATH\index.php(67): CodeIgniter\CodeIgniter->run()
WARNING - 2023-07-13 00:44:39 --> [DEPRECATED] Creation of dynamic property App\Controllers\Home::$db is deprecated in APPPATH\Controllers\Home.php on line 147.
 1 SYSTEMPATH\CodeIgniter.php(932): App\Controllers\Home->testdb('update', '2')
 2 SYSTEMPATH\CodeIgniter.php(497): CodeIgniter\CodeIgniter->runController(Object(App\Controllers\Home))
 3 SYSTEMPATH\CodeIgniter.php(366): CodeIgniter\CodeIgniter->handleRequest(null, Object(Config\Cache), false)
 4 FCPATH\index.php(67): CodeIgniter\CodeIgniter->run()
WARNING - 2023-07-13 00:46:43 --> [DEPRECATED] Creation of dynamic property App\Controllers\Home::$db is deprecated in APPPATH\Controllers\Home.php on line 147.
 1 SYSTEMPATH\CodeIgniter.php(932): App\Controllers\Home->testdb('update')
 2 SYSTEMPATH\CodeIgniter.php(497): CodeIgniter\CodeIgniter->runController(Object(App\Controllers\Home))
 3 SYSTEMPATH\CodeIgniter.php(366): CodeIgniter\CodeIgniter->handleRequest(null, Object(Config\Cache), false)
 4 FCPATH\index.php(67): CodeIgniter\CodeIgniter->run()
WARNING - 2023-07-13 00:46:52 --> [DEPRECATED] Creation of dynamic property App\Controllers\Home::$db is deprecated in APPPATH\Controllers\Home.php on line 147.
 1 SYSTEMPATH\CodeIgniter.php(932): App\Controllers\Home->testdb('update')
 2 SYSTEMPATH\CodeIgniter.php(497): CodeIgniter\CodeIgniter->runController(Object(App\Controllers\Home))
 3 SYSTEMPATH\CodeIgniter.php(366): CodeIgniter\CodeIgniter->handleRequest(null, Object(Config\Cache), false)
 4 FCPATH\index.php(67): CodeIgniter\CodeIgniter->run()
WARNING - 2023-07-13 00:46:56 --> [DEPRECATED] Creation of dynamic property App\Controllers\Home::$db is deprecated in APPPATH\Controllers\Home.php on line 147.
 1 SYSTEMPATH\CodeIgniter.php(932): App\Controllers\Home->testdb()
 2 SYSTEMPATH\CodeIgniter.php(497): CodeIgniter\CodeIgniter->runController(Object(App\Controllers\Home))
 3 SYSTEMPATH\CodeIgniter.php(366): CodeIgniter\CodeIgniter->handleRequest(null, Object(Config\Cache), false)
 4 FCPATH\index.php(67): CodeIgniter\CodeIgniter->run()
WARNING - 2023-07-13 00:47:00 --> [DEPRECATED] Creation of dynamic property App\Controllers\Home::$db is deprecated in APPPATH\Controllers\Home.php on line 147.
 1 SYSTEMPATH\CodeIgniter.php(932): App\Controllers\Home->testdb('29')
 2 SYSTEMPATH\CodeIgniter.php(497): CodeIgniter\CodeIgniter->runController(Object(App\Controllers\Home))
 3 SYSTEMPATH\CodeIgniter.php(366): CodeIgniter\CodeIgniter->handleRequest(null, Object(Config\Cache), false)
 4 FCPATH\index.php(67): CodeIgniter\CodeIgniter->run()
WARNING - 2023-07-13 00:47:28 --> [DEPRECATED] Creation of dynamic property App\Controllers\Home::$db is deprecated in APPPATH\Controllers\Home.php on line 147.
 1 SYSTEMPATH\CodeIgniter.php(932): App\Controllers\Home->testdb('update')
 2 SYSTEMPATH\CodeIgniter.php(497): CodeIgniter\CodeIgniter->runController(Object(App\Controllers\Home))
 3 SYSTEMPATH\CodeIgniter.php(366): CodeIgniter\CodeIgniter->handleRequest(null, Object(Config\Cache), false)
 4 FCPATH\index.php(67): CodeIgniter\CodeIgniter->run()
WARNING - 2023-07-13 00:47:33 --> [DEPRECATED] Creation of dynamic property App\Controllers\Home::$db is deprecated in APPPATH\Controllers\Home.php on line 147.
 1 SYSTEMPATH\CodeIgniter.php(932): App\Controllers\Home->testdb('update', '2')
 2 SYSTEMPATH\CodeIgniter.php(497): CodeIgniter\CodeIgniter->runController(Object(App\Controllers\Home))
 3 SYSTEMPATH\CodeIgniter.php(366): CodeIgniter\CodeIgniter->handleRequest(null, Object(Config\Cache), false)
 4 FCPATH\index.php(67): CodeIgniter\CodeIgniter->run()
WARNING - 2023-07-13 01:15:15 --> [DEPRECATED] Creation of dynamic property App\Controllers\Home::$db is deprecated in APPPATH\Controllers\Home.php on line 147.
 1 SYSTEMPATH\CodeIgniter.php(932): App\Controllers\Home->testdb('29')
 2 SYSTEMPATH\CodeIgniter.php(497): CodeIgniter\CodeIgniter->runController(Object(App\Controllers\Home))
 3 SYSTEMPATH\CodeIgniter.php(366): CodeIgniter\CodeIgniter->handleRequest(null, Object(Config\Cache), false)
 4 FCPATH\index.php(67): CodeIgniter\CodeIgniter->run()
WARNING - 2023-07-13 01:22:48 --> [DEPRECATED] Creation of dynamic property App\Controllers\Home::$db is deprecated in APPPATH\Controllers\Home.php on line 147.
 1 SYSTEMPATH\CodeIgniter.php(932): App\Controllers\Home->testdb('29')
 2 SYSTEMPATH\CodeIgniter.php(497): CodeIgniter\CodeIgniter->runController(Object(App\Controllers\Home))
 3 SYSTEMPATH\CodeIgniter.php(366): CodeIgniter\CodeIgniter->handleRequest(null, Object(Config\Cache), false)
 4 FCPATH\index.php(67): CodeIgniter\CodeIgniter->run()
WARNING - 2023-07-13 01:22:56 --> [DEPRECATED] Creation of dynamic property App\Controllers\Home::$db is deprecated in APPPATH\Controllers\Home.php on line 147.
 1 SYSTEMPATH\CodeIgniter.php(932): App\Controllers\Home->testdb()
 2 SYSTEMPATH\CodeIgniter.php(497): CodeIgniter\CodeIgniter->runController(Object(App\Controllers\Home))
 3 SYSTEMPATH\CodeIgniter.php(366): CodeIgniter\CodeIgniter->handleRequest(null, Object(Config\Cache), false)
 4 FCPATH\index.php(67): CodeIgniter\CodeIgniter->run()
WARNING - 2023-07-13 01:23:01 --> [DEPRECATED] Creation of dynamic property App\Controllers\Home::$db is deprecated in APPPATH\Controllers\Home.php on line 147.
 1 SYSTEMPATH\CodeIgniter.php(932): App\Controllers\Home->testdb('2')
 2 SYSTEMPATH\CodeIgniter.php(497): CodeIgniter\CodeIgniter->runController(Object(App\Controllers\Home))
 3 SYSTEMPATH\CodeIgniter.php(366): CodeIgniter\CodeIgniter->handleRequest(null, Object(Config\Cache), false)
 4 FCPATH\index.php(67): CodeIgniter\CodeIgniter->run()
CRITICAL - 2023-07-13 01:29:20 --> Too few arguments to function App\Controllers\Home::updateData(), 0 passed in C:\xampp\htdocs\ci4_p\system\CodeIgniter.php on line 932 and exactly 4 expected
in APPPATH\Controllers\Home.php on line 155.
 1 SYSTEMPATH\CodeIgniter.php(932): App\Controllers\Home->updateData()
 2 SYSTEMPATH\CodeIgniter.php(497): CodeIgniter\CodeIgniter->runController(Object(App\Controllers\Home))
 3 SYSTEMPATH\CodeIgniter.php(366): CodeIgniter\CodeIgniter->handleRequest(null, Object(Config\Cache), false)
 4 FCPATH\index.php(67): CodeIgniter\CodeIgniter->run()
CRITICAL - 2023-07-13 01:29:33 --> Too few arguments to function App\Controllers\Home::updateData(), 0 passed in C:\xampp\htdocs\ci4_p\system\CodeIgniter.php on line 932 and exactly 4 expected
in APPPATH\Controllers\Home.php on line 155.
 1 SYSTEMPATH\CodeIgniter.php(932): App\Controllers\Home->updateData()
 2 SYSTEMPATH\CodeIgniter.php(497): CodeIgniter\CodeIgniter->runController(Object(App\Controllers\Home))
 3 SYSTEMPATH\CodeIgniter.php(366): CodeIgniter\CodeIgniter->handleRequest(null, Object(Config\Cache), false)
 4 FCPATH\index.php(67): CodeIgniter\CodeIgniter->run()
CRITICAL - 2023-07-13 01:30:21 --> Too few arguments to function App\Controllers\Home::update(), 0 passed in C:\xampp\htdocs\ci4_p\system\CodeIgniter.php on line 932 and exactly 4 expected
in APPPATH\Controllers\Home.php on line 155.
 1 SYSTEMPATH\CodeIgniter.php(932): App\Controllers\Home->update()
 2 SYSTEMPATH\CodeIgniter.php(497): CodeIgniter\CodeIgniter->runController(Object(App\Controllers\Home))
 3 SYSTEMPATH\CodeIgniter.php(366): CodeIgniter\CodeIgniter->handleRequest(null, Object(Config\Cache), false)
 4 FCPATH\index.php(67): CodeIgniter\CodeIgniter->run()
WARNING - 2023-07-13 01:32:09 --> [DEPRECATED] Creation of dynamic property App\Controllers\Home::$db is deprecated in APPPATH\Controllers\Home.php on line 147.
 1 SYSTEMPATH\CodeIgniter.php(932): App\Controllers\Home->testdb('2')
 2 SYSTEMPATH\CodeIgniter.php(497): CodeIgniter\CodeIgniter->runController(Object(App\Controllers\Home))
 3 SYSTEMPATH\CodeIgniter.php(366): CodeIgniter\CodeIgniter->handleRequest(null, Object(Config\Cache), false)
 4 FCPATH\index.php(67): CodeIgniter\CodeIgniter->run()
WARNING - 2023-07-13 01:32:19 --> [DEPRECATED] Creation of dynamic property App\Controllers\Home::$db is deprecated in APPPATH\Controllers\Home.php on line 147.
 1 SYSTEMPATH\CodeIgniter.php(932): App\Controllers\Home->testdb('3')
 2 SYSTEMPATH\CodeIgniter.php(497): CodeIgniter\CodeIgniter->runController(Object(App\Controllers\Home))
 3 SYSTEMPATH\CodeIgniter.php(366): CodeIgniter\CodeIgniter->handleRequest(null, Object(Config\Cache), false)
 4 FCPATH\index.php(67): CodeIgniter\CodeIgniter->run()
INFO - 2023-07-13 01:41:07 --> Session: Class initialized using 'CodeIgniter\Session\Handlers\FileHandler' driver.
INFO - 2023-07-13 01:41:23 --> Session: Class initialized using 'CodeIgniter\Session\Handlers\FileHandler' driver.
INFO - 2023-07-13 01:42:02 --> Session: Class initialized using 'CodeIgniter\Session\Handlers\FileHandler' driver.
INFO - 2023-07-13 01:43:50 --> Session: Class initialized using 'CodeIgniter\Session\Handlers\FileHandler' driver.
INFO - 2023-07-13 01:44:35 --> Session: Class initialized using 'CodeIgniter\Session\Handlers\FileHandler' driver.
CRITICAL - 2023-07-13 01:48:03 --> You must use the "set" method to update an entry.
in SYSTEMPATH\Database\BaseBuilder.php on line 2521.
 1 SYSTEMPATH\Database\BaseBuilder.php(2455): CodeIgniter\Database\BaseBuilder->validateUpdate()
 2 APPPATH\Controllers\Home.php(162): CodeIgniter\Database\BaseBuilder->update([])
 3 SYSTEMPATH\CodeIgniter.php(932): App\Controllers\Home->update('2')
 4 SYSTEMPATH\CodeIgniter.php(497): CodeIgniter\CodeIgniter->runController(Object(App\Controllers\Home))
 5 SYSTEMPATH\CodeIgniter.php(366): CodeIgniter\CodeIgniter->handleRequest(null, Object(Config\Cache), false)
 6 FCPATH\index.php(67): CodeIgniter\CodeIgniter->run()
CRITICAL - 2023-07-13 01:50:25 --> You must use the "set" method to update an entry.
in SYSTEMPATH\Database\BaseBuilder.php on line 2521.
 1 SYSTEMPATH\Database\BaseBuilder.php(2455): CodeIgniter\Database\BaseBuilder->validateUpdate()
 2 APPPATH\Controllers\Home.php(163): CodeIgniter\Database\BaseBuilder->update()
 3 SYSTEMPATH\CodeIgniter.php(932): App\Controllers\Home->update('2')
 4 SYSTEMPATH\CodeIgniter.php(497): CodeIgniter\CodeIgniter->runController(Object(App\Controllers\Home))
 5 SYSTEMPATH\CodeIgniter.php(366): CodeIgniter\CodeIgniter->handleRequest(null, Object(Config\Cache), false)
 6 FCPATH\index.php(67): CodeIgniter\CodeIgniter->run()
CRITICAL - 2023-07-13 01:50:26 --> You must use the "set" method to update an entry.
in SYSTEMPATH\Database\BaseBuilder.php on line 2521.
 1 SYSTEMPATH\Database\BaseBuilder.php(2455): CodeIgniter\Database\BaseBuilder->validateUpdate()
 2 APPPATH\Controllers\Home.php(163): CodeIgniter\Database\BaseBuilder->update()
 3 SYSTEMPATH\CodeIgniter.php(932): App\Controllers\Home->update('2')
 4 SYSTEMPATH\CodeIgniter.php(497): CodeIgniter\CodeIgniter->runController(Object(App\Controllers\Home))
 5 SYSTEMPATH\CodeIgniter.php(366): CodeIgniter\CodeIgniter->handleRequest(null, Object(Config\Cache), false)
 6 FCPATH\index.php(67): CodeIgniter\CodeIgniter->run()
CRITICAL - 2023-07-13 01:50:28 --> You must use the "set" method to update an entry.
in SYSTEMPATH\Database\BaseBuilder.php on line 2521.
 1 SYSTEMPATH\Database\BaseBuilder.php(2455): CodeIgniter\Database\BaseBuilder->validateUpdate()
 2 APPPATH\Controllers\Home.php(163): CodeIgniter\Database\BaseBuilder->update()
 3 SYSTEMPATH\CodeIgniter.php(932): App\Controllers\Home->update('2')
 4 SYSTEMPATH\CodeIgniter.php(497): CodeIgniter\CodeIgniter->runController(Object(App\Controllers\Home))
 5 SYSTEMPATH\CodeIgniter.php(366): CodeIgniter\CodeIgniter->handleRequest(null, Object(Config\Cache), false)
 6 FCPATH\index.php(67): CodeIgniter\CodeIgniter->run()
CRITICAL - 2023-07-13 01:50:29 --> You must use the "set" method to update an entry.
in SYSTEMPATH\Database\BaseBuilder.php on line 2521.
 1 SYSTEMPATH\Database\BaseBuilder.php(2455): CodeIgniter\Database\BaseBuilder->validateUpdate()
 2 APPPATH\Controllers\Home.php(163): CodeIgniter\Database\BaseBuilder->update()
 3 SYSTEMPATH\CodeIgniter.php(932): App\Controllers\Home->update('2')
 4 SYSTEMPATH\CodeIgniter.php(497): CodeIgniter\CodeIgniter->runController(Object(App\Controllers\Home))
 5 SYSTEMPATH\CodeIgniter.php(366): CodeIgniter\CodeIgniter->handleRequest(null, Object(Config\Cache), false)
 6 FCPATH\index.php(67): CodeIgniter\CodeIgniter->run()
CRITICAL - 2023-07-13 01:50:51 --> You must use the "set" method to update an entry.
in SYSTEMPATH\Database\BaseBuilder.php on line 2521.
 1 SYSTEMPATH\Database\BaseBuilder.php(2455): CodeIgniter\Database\BaseBuilder->validateUpdate()
 2 APPPATH\Controllers\Home.php(163): CodeIgniter\Database\BaseBuilder->update()
 3 SYSTEMPATH\CodeIgniter.php(932): App\Controllers\Home->update('2')
 4 SYSTEMPATH\CodeIgniter.php(497): CodeIgniter\CodeIgniter->runController(Object(App\Controllers\Home))
 5 SYSTEMPATH\CodeIgniter.php(366): CodeIgniter\CodeIgniter->handleRequest(null, Object(Config\Cache), false)
 6 FCPATH\index.php(67): CodeIgniter\CodeIgniter->run()
CRITICAL - 2023-07-13 01:51:28 --> You must use the "set" method to update an entry.
in SYSTEMPATH\Database\BaseBuilder.php on line 2521.
 1 SYSTEMPATH\Database\BaseBuilder.php(2455): CodeIgniter\Database\BaseBuilder->validateUpdate()
 2 APPPATH\Controllers\Home.php(163): CodeIgniter\Database\BaseBuilder->update()
 3 SYSTEMPATH\CodeIgniter.php(932): App\Controllers\Home->update('2')
 4 SYSTEMPATH\CodeIgniter.php(497): CodeIgniter\CodeIgniter->runController(Object(App\Controllers\Home))
 5 SYSTEMPATH\CodeIgniter.php(366): CodeIgniter\CodeIgniter->handleRequest(null, Object(Config\Cache), false)
 6 FCPATH\index.php(67): CodeIgniter\CodeIgniter->run()
CRITICAL - 2023-07-13 01:52:13 --> You must use the "set" method to update an entry.
in SYSTEMPATH\Database\BaseBuilder.php on line 2521.
 1 SYSTEMPATH\Database\BaseBuilder.php(2455): CodeIgniter\Database\BaseBuilder->validateUpdate()
 2 APPPATH\Controllers\Home.php(163): CodeIgniter\Database\BaseBuilder->update()
 3 SYSTEMPATH\CodeIgniter.php(932): App\Controllers\Home->update('2')
 4 SYSTEMPATH\CodeIgniter.php(497): CodeIgniter\CodeIgniter->runController(Object(App\Controllers\Home))
 5 SYSTEMPATH\CodeIgniter.php(366): CodeIgniter\CodeIgniter->handleRequest(null, Object(Config\Cache), false)
 6 FCPATH\index.php(67): CodeIgniter\CodeIgniter->run()
CRITICAL - 2023-07-13 01:52:13 --> You must use the "set" method to update an entry.
in SYSTEMPATH\Database\BaseBuilder.php on line 2521.
 1 SYSTEMPATH\Database\BaseBuilder.php(2455): CodeIgniter\Database\BaseBuilder->validateUpdate()
 2 APPPATH\Controllers\Home.php(163): CodeIgniter\Database\BaseBuilder->update()
 3 SYSTEMPATH\CodeIgniter.php(932): App\Controllers\Home->update('2')
 4 SYSTEMPATH\CodeIgniter.php(497): CodeIgniter\CodeIgniter->runController(Object(App\Controllers\Home))
 5 SYSTEMPATH\CodeIgniter.php(366): CodeIgniter\CodeIgniter->handleRequest(null, Object(Config\Cache), false)
 6 FCPATH\index.php(67): CodeIgniter\CodeIgniter->run()
CRITICAL - 2023-07-13 01:52:14 --> You must use the "set" method to update an entry.
in SYSTEMPATH\Database\BaseBuilder.php on line 2521.
 1 SYSTEMPATH\Database\BaseBuilder.php(2455): CodeIgniter\Database\BaseBuilder->validateUpdate()
 2 APPPATH\Controllers\Home.php(163): CodeIgniter\Database\BaseBuilder->update()
 3 SYSTEMPATH\CodeIgniter.php(932): App\Controllers\Home->update('2')
 4 SYSTEMPATH\CodeIgniter.php(497): CodeIgniter\CodeIgniter->runController(Object(App\Controllers\Home))
 5 SYSTEMPATH\CodeIgniter.php(366): CodeIgniter\CodeIgniter->handleRequest(null, Object(Config\Cache), false)
 6 FCPATH\index.php(67): CodeIgniter\CodeIgniter->run()
CRITICAL - 2023-07-13 01:52:14 --> You must use the "set" method to update an entry.
in SYSTEMPATH\Database\BaseBuilder.php on line 2521.
 1 SYSTEMPATH\Database\BaseBuilder.php(2455): CodeIgniter\Database\BaseBuilder->validateUpdate()
 2 APPPATH\Controllers\Home.php(163): CodeIgniter\Database\BaseBuilder->update()
 3 SYSTEMPATH\CodeIgniter.php(932): App\Controllers\Home->update('2')
 4 SYSTEMPATH\CodeIgniter.php(497): CodeIgniter\CodeIgniter->runController(Object(App\Controllers\Home))
 5 SYSTEMPATH\CodeIgniter.php(366): CodeIgniter\CodeIgniter->handleRequest(null, Object(Config\Cache), false)
 6 FCPATH\index.php(67): CodeIgniter\CodeIgniter->run()
CRITICAL - 2023-07-13 01:52:15 --> You must use the "set" method to update an entry.
in SYSTEMPATH\Database\BaseBuilder.php on line 2521.
 1 SYSTEMPATH\Database\BaseBuilder.php(2455): CodeIgniter\Database\BaseBuilder->validateUpdate()
 2 APPPATH\Controllers\Home.php(163): CodeIgniter\Database\BaseBuilder->update()
 3 SYSTEMPATH\CodeIgniter.php(932): App\Controllers\Home->update('2')
 4 SYSTEMPATH\CodeIgniter.php(497): CodeIgniter\CodeIgniter->runController(Object(App\Controllers\Home))
 5 SYSTEMPATH\CodeIgniter.php(366): CodeIgniter\CodeIgniter->handleRequest(null, Object(Config\Cache), false)
 6 FCPATH\index.php(67): CodeIgniter\CodeIgniter->run()
CRITICAL - 2023-07-13 01:52:15 --> You must use the "set" method to update an entry.
in SYSTEMPATH\Database\BaseBuilder.php on line 2521.
 1 SYSTEMPATH\Database\BaseBuilder.php(2455): CodeIgniter\Database\BaseBuilder->validateUpdate()
 2 APPPATH\Controllers\Home.php(163): CodeIgniter\Database\BaseBuilder->update()
 3 SYSTEMPATH\CodeIgniter.php(932): App\Controllers\Home->update('2')
 4 SYSTEMPATH\CodeIgniter.php(497): CodeIgniter\CodeIgniter->runController(Object(App\Controllers\Home))
 5 SYSTEMPATH\CodeIgniter.php(366): CodeIgniter\CodeIgniter->handleRequest(null, Object(Config\Cache), false)
 6 FCPATH\index.php(67): CodeIgniter\CodeIgniter->run()
CRITICAL - 2023-07-13 01:52:24 --> You must use the "set" method to update an entry.
in SYSTEMPATH\Database\BaseBuilder.php on line 2521.
 1 SYSTEMPATH\Database\BaseBuilder.php(2455): CodeIgniter\Database\BaseBuilder->validateUpdate()
 2 APPPATH\Controllers\Home.php(163): CodeIgniter\Database\BaseBuilder->update()
 3 SYSTEMPATH\CodeIgniter.php(932): App\Controllers\Home->update('2')
 4 SYSTEMPATH\CodeIgniter.php(497): CodeIgniter\CodeIgniter->runController(Object(App\Controllers\Home))
 5 SYSTEMPATH\CodeIgniter.php(366): CodeIgniter\CodeIgniter->handleRequest(null, Object(Config\Cache), false)
 6 FCPATH\index.php(67): CodeIgniter\CodeIgniter->run()
CRITICAL - 2023-07-13 01:52:26 --> You must use the "set" method to update an entry.
in SYSTEMPATH\Database\BaseBuilder.php on line 2521.
 1 SYSTEMPATH\Database\BaseBuilder.php(2455): CodeIgniter\Database\BaseBuilder->validateUpdate()
 2 APPPATH\Controllers\Home.php(163): CodeIgniter\Database\BaseBuilder->update()
 3 SYSTEMPATH\CodeIgniter.php(932): App\Controllers\Home->update('2')
 4 SYSTEMPATH\CodeIgniter.php(497): CodeIgniter\CodeIgniter->runController(Object(App\Controllers\Home))
 5 SYSTEMPATH\CodeIgniter.php(366): CodeIgniter\CodeIgniter->handleRequest(null, Object(Config\Cache), false)
 6 FCPATH\index.php(67): CodeIgniter\CodeIgniter->run()
CRITICAL - 2023-07-13 01:52:26 --> You must use the "set" method to update an entry.
in SYSTEMPATH\Database\BaseBuilder.php on line 2521.
 1 SYSTEMPATH\Database\BaseBuilder.php(2455): CodeIgniter\Database\BaseBuilder->validateUpdate()
 2 APPPATH\Controllers\Home.php(163): CodeIgniter\Database\BaseBuilder->update()
 3 SYSTEMPATH\CodeIgniter.php(932): App\Controllers\Home->update('2')
 4 SYSTEMPATH\CodeIgniter.php(497): CodeIgniter\CodeIgniter->runController(Object(App\Controllers\Home))
 5 SYSTEMPATH\CodeIgniter.php(366): CodeIgniter\CodeIgniter->handleRequest(null, Object(Config\Cache), false)
 6 FCPATH\index.php(67): CodeIgniter\CodeIgniter->run()
CRITICAL - 2023-07-13 01:52:27 --> You must use the "set" method to update an entry.
in SYSTEMPATH\Database\BaseBuilder.php on line 2521.
 1 SYSTEMPATH\Database\BaseBuilder.php(2455): CodeIgniter\Database\BaseBuilder->validateUpdate()
 2 APPPATH\Controllers\Home.php(163): CodeIgniter\Database\BaseBuilder->update()
 3 SYSTEMPATH\CodeIgniter.php(932): App\Controllers\Home->update('2')
 4 SYSTEMPATH\CodeIgniter.php(497): CodeIgniter\CodeIgniter->runController(Object(App\Controllers\Home))
 5 SYSTEMPATH\CodeIgniter.php(366): CodeIgniter\CodeIgniter->handleRequest(null, Object(Config\Cache), false)
 6 FCPATH\index.php(67): CodeIgniter\CodeIgniter->run()
CRITICAL - 2023-07-13 01:52:28 --> You must use the "set" method to update an entry.
in SYSTEMPATH\Database\BaseBuilder.php on line 2521.
 1 SYSTEMPATH\Database\BaseBuilder.php(2455): CodeIgniter\Database\BaseBuilder->validateUpdate()
 2 APPPATH\Controllers\Home.php(163): CodeIgniter\Database\BaseBuilder->update()
 3 SYSTEMPATH\CodeIgniter.php(932): App\Controllers\Home->update('2')
 4 SYSTEMPATH\CodeIgniter.php(497): CodeIgniter\CodeIgniter->runController(Object(App\Controllers\Home))
 5 SYSTEMPATH\CodeIgniter.php(366): CodeIgniter\CodeIgniter->handleRequest(null, Object(Config\Cache), false)
 6 FCPATH\index.php(67): CodeIgniter\CodeIgniter->run()
CRITICAL - 2023-07-13 01:52:35 --> You must use the "set" method to update an entry.
in SYSTEMPATH\Database\BaseBuilder.php on line 2521.
 1 SYSTEMPATH\Database\BaseBuilder.php(2455): CodeIgniter\Database\BaseBuilder->validateUpdate()
 2 APPPATH\Controllers\Home.php(163): CodeIgniter\Database\BaseBuilder->update()
 3 SYSTEMPATH\CodeIgniter.php(932): App\Controllers\Home->update('5')
 4 SYSTEMPATH\CodeIgniter.php(497): CodeIgniter\CodeIgniter->runController(Object(App\Controllers\Home))
 5 SYSTEMPATH\CodeIgniter.php(366): CodeIgniter\CodeIgniter->handleRequest(null, Object(Config\Cache), false)
 6 FCPATH\index.php(67): CodeIgniter\CodeIgniter->run()
CRITICAL - 2023-07-13 01:52:39 --> You must use the "set" method to update an entry.
in SYSTEMPATH\Database\BaseBuilder.php on line 2521.
 1 SYSTEMPATH\Database\BaseBuilder.php(2455): CodeIgniter\Database\BaseBuilder->validateUpdate()
 2 APPPATH\Controllers\Home.php(163): CodeIgniter\Database\BaseBuilder->update()
 3 SYSTEMPATH\CodeIgniter.php(932): App\Controllers\Home->update('1')
 4 SYSTEMPATH\CodeIgniter.php(497): CodeIgniter\CodeIgniter->runController(Object(App\Controllers\Home))
 5 SYSTEMPATH\CodeIgniter.php(366): CodeIgniter\CodeIgniter->handleRequest(null, Object(Config\Cache), false)
 6 FCPATH\index.php(67): CodeIgniter\CodeIgniter->run()
CRITICAL - 2023-07-13 01:53:55 --> You must use the "set" method to update an entry.
in SYSTEMPATH\Database\BaseBuilder.php on line 2521.
 1 SYSTEMPATH\Database\BaseBuilder.php(2455): CodeIgniter\Database\BaseBuilder->validateUpdate()
 2 APPPATH\Controllers\Home.php(162): CodeIgniter\Database\BaseBuilder->update([])
 3 SYSTEMPATH\CodeIgniter.php(932): App\Controllers\Home->update('1')
 4 SYSTEMPATH\CodeIgniter.php(497): CodeIgniter\CodeIgniter->runController(Object(App\Controllers\Home))
 5 SYSTEMPATH\CodeIgniter.php(366): CodeIgniter\CodeIgniter->handleRequest(null, Object(Config\Cache), false)
 6 FCPATH\index.php(67): CodeIgniter\CodeIgniter->run()
CRITICAL - 2023-07-13 01:53:55 --> You must use the "set" method to update an entry.
in SYSTEMPATH\Database\BaseBuilder.php on line 2521.
 1 SYSTEMPATH\Database\BaseBuilder.php(2455): CodeIgniter\Database\BaseBuilder->validateUpdate()
 2 APPPATH\Controllers\Home.php(162): CodeIgniter\Database\BaseBuilder->update([])
 3 SYSTEMPATH\CodeIgniter.php(932): App\Controllers\Home->update('1')
 4 SYSTEMPATH\CodeIgniter.php(497): CodeIgniter\CodeIgniter->runController(Object(App\Controllers\Home))
 5 SYSTEMPATH\CodeIgniter.php(366): CodeIgniter\CodeIgniter->handleRequest(null, Object(Config\Cache), false)
 6 FCPATH\index.php(67): CodeIgniter\CodeIgniter->run()
CRITICAL - 2023-07-13 01:53:56 --> You must use the "set" method to update an entry.
in SYSTEMPATH\Database\BaseBuilder.php on line 2521.
 1 SYSTEMPATH\Database\BaseBuilder.php(2455): CodeIgniter\Database\BaseBuilder->validateUpdate()
 2 APPPATH\Controllers\Home.php(162): CodeIgniter\Database\BaseBuilder->update([])
 3 SYSTEMPATH\CodeIgniter.php(932): App\Controllers\Home->update('1')
 4 SYSTEMPATH\CodeIgniter.php(497): CodeIgniter\CodeIgniter->runController(Object(App\Controllers\Home))
 5 SYSTEMPATH\CodeIgniter.php(366): CodeIgniter\CodeIgniter->handleRequest(null, Object(Config\Cache), false)
 6 FCPATH\index.php(67): CodeIgniter\CodeIgniter->run()
CRITICAL - 2023-07-13 01:53:56 --> You must use the "set" method to update an entry.
in SYSTEMPATH\Database\BaseBuilder.php on line 2521.
 1 SYSTEMPATH\Database\BaseBuilder.php(2455): CodeIgniter\Database\BaseBuilder->validateUpdate()
 2 APPPATH\Controllers\Home.php(162): CodeIgniter\Database\BaseBuilder->update([])
 3 SYSTEMPATH\CodeIgniter.php(932): App\Controllers\Home->update('1')
 4 SYSTEMPATH\CodeIgniter.php(497): CodeIgniter\CodeIgniter->runController(Object(App\Controllers\Home))
 5 SYSTEMPATH\CodeIgniter.php(366): CodeIgniter\CodeIgniter->handleRequest(null, Object(Config\Cache), false)
 6 FCPATH\index.php(67): CodeIgniter\CodeIgniter->run()
CRITICAL - 2023-07-13 01:53:57 --> You must use the "set" method to update an entry.
in SYSTEMPATH\Database\BaseBuilder.php on line 2521.
 1 SYSTEMPATH\Database\BaseBuilder.php(2455): CodeIgniter\Database\BaseBuilder->validateUpdate()
 2 APPPATH\Controllers\Home.php(162): CodeIgniter\Database\BaseBuilder->update([])
 3 SYSTEMPATH\CodeIgniter.php(932): App\Controllers\Home->update('1')
 4 SYSTEMPATH\CodeIgniter.php(497): CodeIgniter\CodeIgniter->runController(Object(App\Controllers\Home))
 5 SYSTEMPATH\CodeIgniter.php(366): CodeIgniter\CodeIgniter->handleRequest(null, Object(Config\Cache), false)
 6 FCPATH\index.php(67): CodeIgniter\CodeIgniter->run()
CRITICAL - 2023-07-13 01:53:58 --> You must use the "set" method to update an entry.
in SYSTEMPATH\Database\BaseBuilder.php on line 2521.
 1 SYSTEMPATH\Database\BaseBuilder.php(2455): CodeIgniter\Database\BaseBuilder->validateUpdate()
 2 APPPATH\Controllers\Home.php(162): CodeIgniter\Database\BaseBuilder->update([])
 3 SYSTEMPATH\CodeIgniter.php(932): App\Controllers\Home->update('1')
 4 SYSTEMPATH\CodeIgniter.php(497): CodeIgniter\CodeIgniter->runController(Object(App\Controllers\Home))
 5 SYSTEMPATH\CodeIgniter.php(366): CodeIgniter\CodeIgniter->handleRequest(null, Object(Config\Cache), false)
 6 FCPATH\index.php(67): CodeIgniter\CodeIgniter->run()
CRITICAL - 2023-07-13 01:54:05 --> You must use the "set" method to update an entry.
in SYSTEMPATH\Database\BaseBuilder.php on line 2521.
 1 SYSTEMPATH\Database\BaseBuilder.php(2455): CodeIgniter\Database\BaseBuilder->validateUpdate()
 2 APPPATH\Controllers\Home.php(162): CodeIgniter\Database\BaseBuilder->update([])
 3 SYSTEMPATH\CodeIgniter.php(932): App\Controllers\Home->update('2')
 4 SYSTEMPATH\CodeIgniter.php(497): CodeIgniter\CodeIgniter->runController(Object(App\Controllers\Home))
 5 SYSTEMPATH\CodeIgniter.php(366): CodeIgniter\CodeIgniter->handleRequest(null, Object(Config\Cache), false)
 6 FCPATH\index.php(67): CodeIgniter\CodeIgniter->run()
CRITICAL - 2023-07-13 01:54:06 --> You must use the "set" method to update an entry.
in SYSTEMPATH\Database\BaseBuilder.php on line 2521.
 1 SYSTEMPATH\Database\BaseBuilder.php(2455): CodeIgniter\Database\BaseBuilder->validateUpdate()
 2 APPPATH\Controllers\Home.php(162): CodeIgniter\Database\BaseBuilder->update([])
 3 SYSTEMPATH\CodeIgniter.php(932): App\Controllers\Home->update('2')
 4 SYSTEMPATH\CodeIgniter.php(497): CodeIgniter\CodeIgniter->runController(Object(App\Controllers\Home))
 5 SYSTEMPATH\CodeIgniter.php(366): CodeIgniter\CodeIgniter->handleRequest(null, Object(Config\Cache), false)
 6 FCPATH\index.php(67): CodeIgniter\CodeIgniter->run()
CRITICAL - 2023-07-13 01:54:06 --> You must use the "set" method to update an entry.
in SYSTEMPATH\Database\BaseBuilder.php on line 2521.
 1 SYSTEMPATH\Database\BaseBuilder.php(2455): CodeIgniter\Database\BaseBuilder->validateUpdate()
 2 APPPATH\Controllers\Home.php(162): CodeIgniter\Database\BaseBuilder->update([])
 3 SYSTEMPATH\CodeIgniter.php(932): App\Controllers\Home->update('2')
 4 SYSTEMPATH\CodeIgniter.php(497): CodeIgniter\CodeIgniter->runController(Object(App\Controllers\Home))
 5 SYSTEMPATH\CodeIgniter.php(366): CodeIgniter\CodeIgniter->handleRequest(null, Object(Config\Cache), false)
 6 FCPATH\index.php(67): CodeIgniter\CodeIgniter->run()
CRITICAL - 2023-07-13 01:54:07 --> You must use the "set" method to update an entry.
in SYSTEMPATH\Database\BaseBuilder.php on line 2521.
 1 SYSTEMPATH\Database\BaseBuilder.php(2455): CodeIgniter\Database\BaseBuilder->validateUpdate()
 2 APPPATH\Controllers\Home.php(162): CodeIgniter\Database\BaseBuilder->update([])
 3 SYSTEMPATH\CodeIgniter.php(932): App\Controllers\Home->update('2')
 4 SYSTEMPATH\CodeIgniter.php(497): CodeIgniter\CodeIgniter->runController(Object(App\Controllers\Home))
 5 SYSTEMPATH\CodeIgniter.php(366): CodeIgniter\CodeIgniter->handleRequest(null, Object(Config\Cache), false)
 6 FCPATH\index.php(67): CodeIgniter\CodeIgniter->run()
CRITICAL - 2023-07-13 01:54:07 --> You must use the "set" method to update an entry.
in SYSTEMPATH\Database\BaseBuilder.php on line 2521.
 1 SYSTEMPATH\Database\BaseBuilder.php(2455): CodeIgniter\Database\BaseBuilder->validateUpdate()
 2 APPPATH\Controllers\Home.php(162): CodeIgniter\Database\BaseBuilder->update([])
 3 SYSTEMPATH\CodeIgniter.php(932): App\Controllers\Home->update('2')
 4 SYSTEMPATH\CodeIgniter.php(497): CodeIgniter\CodeIgniter->runController(Object(App\Controllers\Home))
 5 SYSTEMPATH\CodeIgniter.php(366): CodeIgniter\CodeIgniter->handleRequest(null, Object(Config\Cache), false)
 6 FCPATH\index.php(67): CodeIgniter\CodeIgniter->run()
CRITICAL - 2023-07-13 01:54:07 --> You must use the "set" method to update an entry.
in SYSTEMPATH\Database\BaseBuilder.php on line 2521.
 1 SYSTEMPATH\Database\BaseBuilder.php(2455): CodeIgniter\Database\BaseBuilder->validateUpdate()
 2 APPPATH\Controllers\Home.php(162): CodeIgniter\Database\BaseBuilder->update([])
 3 SYSTEMPATH\CodeIgniter.php(932): App\Controllers\Home->update('2')
 4 SYSTEMPATH\CodeIgniter.php(497): CodeIgniter\CodeIgniter->runController(Object(App\Controllers\Home))
 5 SYSTEMPATH\CodeIgniter.php(366): CodeIgniter\CodeIgniter->handleRequest(null, Object(Config\Cache), false)
 6 FCPATH\index.php(67): CodeIgniter\CodeIgniter->run()
CRITICAL - 2023-07-13 01:54:08 --> You must use the "set" method to update an entry.
in SYSTEMPATH\Database\BaseBuilder.php on line 2521.
 1 SYSTEMPATH\Database\BaseBuilder.php(2455): CodeIgniter\Database\BaseBuilder->validateUpdate()
 2 APPPATH\Controllers\Home.php(162): CodeIgniter\Database\BaseBuilder->update([])
 3 SYSTEMPATH\CodeIgniter.php(932): App\Controllers\Home->update('2')
 4 SYSTEMPATH\CodeIgniter.php(497): CodeIgniter\CodeIgniter->runController(Object(App\Controllers\Home))
 5 SYSTEMPATH\CodeIgniter.php(366): CodeIgniter\CodeIgniter->handleRequest(null, Object(Config\Cache), false)
 6 FCPATH\index.php(67): CodeIgniter\CodeIgniter->run()
CRITICAL - 2023-07-13 01:54:09 --> You must use the "set" method to update an entry.
in SYSTEMPATH\Database\BaseBuilder.php on line 2521.
 1 SYSTEMPATH\Database\BaseBuilder.php(2455): CodeIgniter\Database\BaseBuilder->validateUpdate()
 2 APPPATH\Controllers\Home.php(162): CodeIgniter\Database\BaseBuilder->update([])
 3 SYSTEMPATH\CodeIgniter.php(932): App\Controllers\Home->update('2')
 4 SYSTEMPATH\CodeIgniter.php(497): CodeIgniter\CodeIgniter->runController(Object(App\Controllers\Home))
 5 SYSTEMPATH\CodeIgniter.php(366): CodeIgniter\CodeIgniter->handleRequest(null, Object(Config\Cache), false)
 6 FCPATH\index.php(67): CodeIgniter\CodeIgniter->run()
CRITICAL - 2023-07-13 01:54:09 --> You must use the "set" method to update an entry.
in SYSTEMPATH\Database\BaseBuilder.php on line 2521.
 1 SYSTEMPATH\Database\BaseBuilder.php(2455): CodeIgniter\Database\BaseBuilder->validateUpdate()
 2 APPPATH\Controllers\Home.php(162): CodeIgniter\Database\BaseBuilder->update([])
 3 SYSTEMPATH\CodeIgniter.php(932): App\Controllers\Home->update('2')
 4 SYSTEMPATH\CodeIgniter.php(497): CodeIgniter\CodeIgniter->runController(Object(App\Controllers\Home))
 5 SYSTEMPATH\CodeIgniter.php(366): CodeIgniter\CodeIgniter->handleRequest(null, Object(Config\Cache), false)
 6 FCPATH\index.php(67): CodeIgniter\CodeIgniter->run()
CRITICAL - 2023-07-13 01:54:09 --> You must use the "set" method to update an entry.
in SYSTEMPATH\Database\BaseBuilder.php on line 2521.
 1 SYSTEMPATH\Database\BaseBuilder.php(2455): CodeIgniter\Database\BaseBuilder->validateUpdate()
 2 APPPATH\Controllers\Home.php(162): CodeIgniter\Database\BaseBuilder->update([])
 3 SYSTEMPATH\CodeIgniter.php(932): App\Controllers\Home->update('2')
 4 SYSTEMPATH\CodeIgniter.php(497): CodeIgniter\CodeIgniter->runController(Object(App\Controllers\Home))
 5 SYSTEMPATH\CodeIgniter.php(366): CodeIgniter\CodeIgniter->handleRequest(null, Object(Config\Cache), false)
 6 FCPATH\index.php(67): CodeIgniter\CodeIgniter->run()
CRITICAL - 2023-07-13 01:54:10 --> You must use the "set" method to update an entry.
in SYSTEMPATH\Database\BaseBuilder.php on line 2521.
 1 SYSTEMPATH\Database\BaseBuilder.php(2455): CodeIgniter\Database\BaseBuilder->validateUpdate()
 2 APPPATH\Controllers\Home.php(162): CodeIgniter\Database\BaseBuilder->update([])
 3 SYSTEMPATH\CodeIgniter.php(932): App\Controllers\Home->update('2')
 4 SYSTEMPATH\CodeIgniter.php(497): CodeIgniter\CodeIgniter->runController(Object(App\Controllers\Home))
 5 SYSTEMPATH\CodeIgniter.php(366): CodeIgniter\CodeIgniter->handleRequest(null, Object(Config\Cache), false)
 6 FCPATH\index.php(67): CodeIgniter\CodeIgniter->run()
CRITICAL - 2023-07-13 01:54:10 --> You must use the "set" method to update an entry.
in SYSTEMPATH\Database\BaseBuilder.php on line 2521.
 1 SYSTEMPATH\Database\BaseBuilder.php(2455): CodeIgniter\Database\BaseBuilder->validateUpdate()
 2 APPPATH\Controllers\Home.php(162): CodeIgniter\Database\BaseBuilder->update([])
 3 SYSTEMPATH\CodeIgniter.php(932): App\Controllers\Home->update('2')
 4 SYSTEMPATH\CodeIgniter.php(497): CodeIgniter\CodeIgniter->runController(Object(App\Controllers\Home))
 5 SYSTEMPATH\CodeIgniter.php(366): CodeIgniter\CodeIgniter->handleRequest(null, Object(Config\Cache), false)
 6 FCPATH\index.php(67): CodeIgniter\CodeIgniter->run()
CRITICAL - 2023-07-13 01:54:11 --> You must use the "set" method to update an entry.
in SYSTEMPATH\Database\BaseBuilder.php on line 2521.
 1 SYSTEMPATH\Database\BaseBuilder.php(2455): CodeIgniter\Database\BaseBuilder->validateUpdate()
 2 APPPATH\Controllers\Home.php(162): CodeIgniter\Database\BaseBuilder->update([])
 3 SYSTEMPATH\CodeIgniter.php(932): App\Controllers\Home->update('2')
 4 SYSTEMPATH\CodeIgniter.php(497): CodeIgniter\CodeIgniter->runController(Object(App\Controllers\Home))
 5 SYSTEMPATH\CodeIgniter.php(366): CodeIgniter\CodeIgniter->handleRequest(null, Object(Config\Cache), false)
 6 FCPATH\index.php(67): CodeIgniter\CodeIgniter->run()
CRITICAL - 2023-07-13 01:54:11 --> You must use the "set" method to update an entry.
in SYSTEMPATH\Database\BaseBuilder.php on line 2521.
 1 SYSTEMPATH\Database\BaseBuilder.php(2455): CodeIgniter\Database\BaseBuilder->validateUpdate()
 2 APPPATH\Controllers\Home.php(162): CodeIgniter\Database\BaseBuilder->update([])
 3 SYSTEMPATH\CodeIgniter.php(932): App\Controllers\Home->update('2')
 4 SYSTEMPATH\CodeIgniter.php(497): CodeIgniter\CodeIgniter->runController(Object(App\Controllers\Home))
 5 SYSTEMPATH\CodeIgniter.php(366): CodeIgniter\CodeIgniter->handleRequest(null, Object(Config\Cache), false)
 6 FCPATH\index.php(67): CodeIgniter\CodeIgniter->run()
CRITICAL - 2023-07-13 01:54:11 --> You must use the "set" method to update an entry.
in SYSTEMPATH\Database\BaseBuilder.php on line 2521.
 1 SYSTEMPATH\Database\BaseBuilder.php(2455): CodeIgniter\Database\BaseBuilder->validateUpdate()
 2 APPPATH\Controllers\Home.php(162): CodeIgniter\Database\BaseBuilder->update([])
 3 SYSTEMPATH\CodeIgniter.php(932): App\Controllers\Home->update('2')
 4 SYSTEMPATH\CodeIgniter.php(497): CodeIgniter\CodeIgniter->runController(Object(App\Controllers\Home))
 5 SYSTEMPATH\CodeIgniter.php(366): CodeIgniter\CodeIgniter->handleRequest(null, Object(Config\Cache), false)
 6 FCPATH\index.php(67): CodeIgniter\CodeIgniter->run()
CRITICAL - 2023-07-13 01:54:12 --> You must use the "set" method to update an entry.
in SYSTEMPATH\Database\BaseBuilder.php on line 2521.
 1 SYSTEMPATH\Database\BaseBuilder.php(2455): CodeIgniter\Database\BaseBuilder->validateUpdate()
 2 APPPATH\Controllers\Home.php(162): CodeIgniter\Database\BaseBuilder->update([])
 3 SYSTEMPATH\CodeIgniter.php(932): App\Controllers\Home->update('2')
 4 SYSTEMPATH\CodeIgniter.php(497): CodeIgniter\CodeIgniter->runController(Object(App\Controllers\Home))
 5 SYSTEMPATH\CodeIgniter.php(366): CodeIgniter\CodeIgniter->handleRequest(null, Object(Config\Cache), false)
 6 FCPATH\index.php(67): CodeIgniter\CodeIgniter->run()
CRITICAL - 2023-07-13 01:54:13 --> You must use the "set" method to update an entry.
in SYSTEMPATH\Database\BaseBuilder.php on line 2521.
 1 SYSTEMPATH\Database\BaseBuilder.php(2455): CodeIgniter\Database\BaseBuilder->validateUpdate()
 2 APPPATH\Controllers\Home.php(162): CodeIgniter\Database\BaseBuilder->update([])
 3 SYSTEMPATH\CodeIgniter.php(932): App\Controllers\Home->update('2')
 4 SYSTEMPATH\CodeIgniter.php(497): CodeIgniter\CodeIgniter->runController(Object(App\Controllers\Home))
 5 SYSTEMPATH\CodeIgniter.php(366): CodeIgniter\CodeIgniter->handleRequest(null, Object(Config\Cache), false)
 6 FCPATH\index.php(67): CodeIgniter\CodeIgniter->run()
CRITICAL - 2023-07-13 01:54:13 --> You must use the "set" method to update an entry.
in SYSTEMPATH\Database\BaseBuilder.php on line 2521.
 1 SYSTEMPATH\Database\BaseBuilder.php(2455): CodeIgniter\Database\BaseBuilder->validateUpdate()
 2 APPPATH\Controllers\Home.php(162): CodeIgniter\Database\BaseBuilder->update([])
 3 SYSTEMPATH\CodeIgniter.php(932): App\Controllers\Home->update('2')
 4 SYSTEMPATH\CodeIgniter.php(497): CodeIgniter\CodeIgniter->runController(Object(App\Controllers\Home))
 5 SYSTEMPATH\CodeIgniter.php(366): CodeIgniter\CodeIgniter->handleRequest(null, Object(Config\Cache), false)
 6 FCPATH\index.php(67): CodeIgniter\CodeIgniter->run()
CRITICAL - 2023-07-13 01:54:14 --> You must use the "set" method to update an entry.
in SYSTEMPATH\Database\BaseBuilder.php on line 2521.
 1 SYSTEMPATH\Database\BaseBuilder.php(2455): CodeIgniter\Database\BaseBuilder->validateUpdate()
 2 APPPATH\Controllers\Home.php(162): CodeIgniter\Database\BaseBuilder->update([])
 3 SYSTEMPATH\CodeIgniter.php(932): App\Controllers\Home->update('2')
 4 SYSTEMPATH\CodeIgniter.php(497): CodeIgniter\CodeIgniter->runController(Object(App\Controllers\Home))
 5 SYSTEMPATH\CodeIgniter.php(366): CodeIgniter\CodeIgniter->handleRequest(null, Object(Config\Cache), false)
 6 FCPATH\index.php(67): CodeIgniter\CodeIgniter->run()
CRITICAL - 2023-07-13 01:54:17 --> You must use the "set" method to update an entry.
in SYSTEMPATH\Database\BaseBuilder.php on line 2521.
 1 SYSTEMPATH\Database\BaseBuilder.php(2455): CodeIgniter\Database\BaseBuilder->validateUpdate()
 2 APPPATH\Controllers\Home.php(162): CodeIgniter\Database\BaseBuilder->update([])
 3 SYSTEMPATH\CodeIgniter.php(932): App\Controllers\Home->update('2')
 4 SYSTEMPATH\CodeIgniter.php(497): CodeIgniter\CodeIgniter->runController(Object(App\Controllers\Home))
 5 SYSTEMPATH\CodeIgniter.php(366): CodeIgniter\CodeIgniter->handleRequest(null, Object(Config\Cache), false)
 6 FCPATH\index.php(67): CodeIgniter\CodeIgniter->run()
CRITICAL - 2023-07-13 01:54:18 --> You must use the "set" method to update an entry.
in SYSTEMPATH\Database\BaseBuilder.php on line 2521.
 1 SYSTEMPATH\Database\BaseBuilder.php(2455): CodeIgniter\Database\BaseBuilder->validateUpdate()
 2 APPPATH\Controllers\Home.php(162): CodeIgniter\Database\BaseBuilder->update([])
 3 SYSTEMPATH\CodeIgniter.php(932): App\Controllers\Home->update('2')
 4 SYSTEMPATH\CodeIgniter.php(497): CodeIgniter\CodeIgniter->runController(Object(App\Controllers\Home))
 5 SYSTEMPATH\CodeIgniter.php(366): CodeIgniter\CodeIgniter->handleRequest(null, Object(Config\Cache), false)
 6 FCPATH\index.php(67): CodeIgniter\CodeIgniter->run()
CRITICAL - 2023-07-13 01:54:18 --> You must use the "set" method to update an entry.
in SYSTEMPATH\Database\BaseBuilder.php on line 2521.
 1 SYSTEMPATH\Database\BaseBuilder.php(2455): CodeIgniter\Database\BaseBuilder->validateUpdate()
 2 APPPATH\Controllers\Home.php(162): CodeIgniter\Database\BaseBuilder->update([])
 3 SYSTEMPATH\CodeIgniter.php(932): App\Controllers\Home->update('2')
 4 SYSTEMPATH\CodeIgniter.php(497): CodeIgniter\CodeIgniter->runController(Object(App\Controllers\Home))
 5 SYSTEMPATH\CodeIgniter.php(366): CodeIgniter\CodeIgniter->handleRequest(null, Object(Config\Cache), false)
 6 FCPATH\index.php(67): CodeIgniter\CodeIgniter->run()
CRITICAL - 2023-07-13 01:54:19 --> You must use the "set" method to update an entry.
in SYSTEMPATH\Database\BaseBuilder.php on line 2521.
 1 SYSTEMPATH\Database\BaseBuilder.php(2455): CodeIgniter\Database\BaseBuilder->validateUpdate()
 2 APPPATH\Controllers\Home.php(162): CodeIgniter\Database\BaseBuilder->update([])
 3 SYSTEMPATH\CodeIgniter.php(932): App\Controllers\Home->update('2')
 4 SYSTEMPATH\CodeIgniter.php(497): CodeIgniter\CodeIgniter->runController(Object(App\Controllers\Home))
 5 SYSTEMPATH\CodeIgniter.php(366): CodeIgniter\CodeIgniter->handleRequest(null, Object(Config\Cache), false)
 6 FCPATH\index.php(67): CodeIgniter\CodeIgniter->run()
CRITICAL - 2023-07-13 01:54:20 --> You must use the "set" method to update an entry.
in SYSTEMPATH\Database\BaseBuilder.php on line 2521.
 1 SYSTEMPATH\Database\BaseBuilder.php(2455): CodeIgniter\Database\BaseBuilder->validateUpdate()
 2 APPPATH\Controllers\Home.php(162): CodeIgniter\Database\BaseBuilder->update([])
 3 SYSTEMPATH\CodeIgniter.php(932): App\Controllers\Home->update('2')
 4 SYSTEMPATH\CodeIgniter.php(497): CodeIgniter\CodeIgniter->runController(Object(App\Controllers\Home))
 5 SYSTEMPATH\CodeIgniter.php(366): CodeIgniter\CodeIgniter->handleRequest(null, Object(Config\Cache), false)
 6 FCPATH\index.php(67): CodeIgniter\CodeIgniter->run()
CRITICAL - 2023-07-13 01:54:21 --> You must use the "set" method to update an entry.
in SYSTEMPATH\Database\BaseBuilder.php on line 2521.
 1 SYSTEMPATH\Database\BaseBuilder.php(2455): CodeIgniter\Database\BaseBuilder->validateUpdate()
 2 APPPATH\Controllers\Home.php(162): CodeIgniter\Database\BaseBuilder->update([])
 3 SYSTEMPATH\CodeIgniter.php(932): App\Controllers\Home->update('2')
 4 SYSTEMPATH\CodeIgniter.php(497): CodeIgniter\CodeIgniter->runController(Object(App\Controllers\Home))
 5 SYSTEMPATH\CodeIgniter.php(366): CodeIgniter\CodeIgniter->handleRequest(null, Object(Config\Cache), false)
 6 FCPATH\index.php(67): CodeIgniter\CodeIgniter->run()
CRITICAL - 2023-07-13 01:54:21 --> You must use the "set" method to update an entry.
in SYSTEMPATH\Database\BaseBuilder.php on line 2521.
 1 SYSTEMPATH\Database\BaseBuilder.php(2455): CodeIgniter\Database\BaseBuilder->validateUpdate()
 2 APPPATH\Controllers\Home.php(162): CodeIgniter\Database\BaseBuilder->update([])
 3 SYSTEMPATH\CodeIgniter.php(932): App\Controllers\Home->update('2')
 4 SYSTEMPATH\CodeIgniter.php(497): CodeIgniter\CodeIgniter->runController(Object(App\Controllers\Home))
 5 SYSTEMPATH\CodeIgniter.php(366): CodeIgniter\CodeIgniter->handleRequest(null, Object(Config\Cache), false)
 6 FCPATH\index.php(67): CodeIgniter\CodeIgniter->run()
CRITICAL - 2023-07-13 01:54:26 --> You must use the "set" method to update an entry.
in SYSTEMPATH\Database\BaseBuilder.php on line 2521.
 1 SYSTEMPATH\Database\BaseBuilder.php(2455): CodeIgniter\Database\BaseBuilder->validateUpdate()
 2 APPPATH\Controllers\Home.php(162): CodeIgniter\Database\BaseBuilder->update([])
 3 SYSTEMPATH\CodeIgniter.php(932): App\Controllers\Home->update('1')
 4 SYSTEMPATH\CodeIgniter.php(497): CodeIgniter\CodeIgniter->runController(Object(App\Controllers\Home))
 5 SYSTEMPATH\CodeIgniter.php(366): CodeIgniter\CodeIgniter->handleRequest(null, Object(Config\Cache), false)
 6 FCPATH\index.php(67): CodeIgniter\CodeIgniter->run()
CRITICAL - 2023-07-13 01:54:27 --> You must use the "set" method to update an entry.
in SYSTEMPATH\Database\BaseBuilder.php on line 2521.
 1 SYSTEMPATH\Database\BaseBuilder.php(2455): CodeIgniter\Database\BaseBuilder->validateUpdate()
 2 APPPATH\Controllers\Home.php(162): CodeIgniter\Database\BaseBuilder->update([])
 3 SYSTEMPATH\CodeIgniter.php(932): App\Controllers\Home->update('1')
 4 SYSTEMPATH\CodeIgniter.php(497): CodeIgniter\CodeIgniter->runController(Object(App\Controllers\Home))
 5 SYSTEMPATH\CodeIgniter.php(366): CodeIgniter\CodeIgniter->handleRequest(null, Object(Config\Cache), false)
 6 FCPATH\index.php(67): CodeIgniter\CodeIgniter->run()
CRITICAL - 2023-07-13 01:54:27 --> You must use the "set" method to update an entry.
in SYSTEMPATH\Database\BaseBuilder.php on line 2521.
 1 SYSTEMPATH\Database\BaseBuilder.php(2455): CodeIgniter\Database\BaseBuilder->validateUpdate()
 2 APPPATH\Controllers\Home.php(162): CodeIgniter\Database\BaseBuilder->update([])
 3 SYSTEMPATH\CodeIgniter.php(932): App\Controllers\Home->update('1')
 4 SYSTEMPATH\CodeIgniter.php(497): CodeIgniter\CodeIgniter->runController(Object(App\Controllers\Home))
 5 SYSTEMPATH\CodeIgniter.php(366): CodeIgniter\CodeIgniter->handleRequest(null, Object(Config\Cache), false)
 6 FCPATH\index.php(67): CodeIgniter\CodeIgniter->run()
CRITICAL - 2023-07-13 01:54:27 --> You must use the "set" method to update an entry.
in SYSTEMPATH\Database\BaseBuilder.php on line 2521.
 1 SYSTEMPATH\Database\BaseBuilder.php(2455): CodeIgniter\Database\BaseBuilder->validateUpdate()
 2 APPPATH\Controllers\Home.php(162): CodeIgniter\Database\BaseBuilder->update([])
 3 SYSTEMPATH\CodeIgniter.php(932): App\Controllers\Home->update('1')
 4 SYSTEMPATH\CodeIgniter.php(497): CodeIgniter\CodeIgniter->runController(Object(App\Controllers\Home))
 5 SYSTEMPATH\CodeIgniter.php(366): CodeIgniter\CodeIgniter->handleRequest(null, Object(Config\Cache), false)
 6 FCPATH\index.php(67): CodeIgniter\CodeIgniter->run()
CRITICAL - 2023-07-13 01:54:28 --> You must use the "set" method to update an entry.
in SYSTEMPATH\Database\BaseBuilder.php on line 2521.
 1 SYSTEMPATH\Database\BaseBuilder.php(2455): CodeIgniter\Database\BaseBuilder->validateUpdate()
 2 APPPATH\Controllers\Home.php(162): CodeIgniter\Database\BaseBuilder->update([])
 3 SYSTEMPATH\CodeIgniter.php(932): App\Controllers\Home->update('1')
 4 SYSTEMPATH\CodeIgniter.php(497): CodeIgniter\CodeIgniter->runController(Object(App\Controllers\Home))
 5 SYSTEMPATH\CodeIgniter.php(366): CodeIgniter\CodeIgniter->handleRequest(null, Object(Config\Cache), false)
 6 FCPATH\index.php(67): CodeIgniter\CodeIgniter->run()
CRITICAL - 2023-07-13 01:54:28 --> You must use the "set" method to update an entry.
in SYSTEMPATH\Database\BaseBuilder.php on line 2521.
 1 SYSTEMPATH\Database\BaseBuilder.php(2455): CodeIgniter\Database\BaseBuilder->validateUpdate()
 2 APPPATH\Controllers\Home.php(162): CodeIgniter\Database\BaseBuilder->update([])
 3 SYSTEMPATH\CodeIgniter.php(932): App\Controllers\Home->update('1')
 4 SYSTEMPATH\CodeIgniter.php(497): CodeIgniter\CodeIgniter->runController(Object(App\Controllers\Home))
 5 SYSTEMPATH\CodeIgniter.php(366): CodeIgniter\CodeIgniter->handleRequest(null, Object(Config\Cache), false)
 6 FCPATH\index.php(67): CodeIgniter\CodeIgniter->run()
CRITICAL - 2023-07-13 01:54:29 --> You must use the "set" method to update an entry.
in SYSTEMPATH\Database\BaseBuilder.php on line 2521.
 1 SYSTEMPATH\Database\BaseBuilder.php(2455): CodeIgniter\Database\BaseBuilder->validateUpdate()
 2 APPPATH\Controllers\Home.php(162): CodeIgniter\Database\BaseBuilder->update([])
 3 SYSTEMPATH\CodeIgniter.php(932): App\Controllers\Home->update('1')
 4 SYSTEMPATH\CodeIgniter.php(497): CodeIgniter\CodeIgniter->runController(Object(App\Controllers\Home))
 5 SYSTEMPATH\CodeIgniter.php(366): CodeIgniter\CodeIgniter->handleRequest(null, Object(Config\Cache), false)
 6 FCPATH\index.php(67): CodeIgniter\CodeIgniter->run()
CRITICAL - 2023-07-13 01:55:12 --> You must use the "set" method to update an entry.
in SYSTEMPATH\Database\BaseBuilder.php on line 2521.
 1 SYSTEMPATH\Database\BaseBuilder.php(2455): CodeIgniter\Database\BaseBuilder->validateUpdate()
 2 APPPATH\Controllers\Home.php(162): CodeIgniter\Database\BaseBuilder->update([])
 3 SYSTEMPATH\CodeIgniter.php(932): App\Controllers\Home->update('1')
 4 SYSTEMPATH\CodeIgniter.php(497): CodeIgniter\CodeIgniter->runController(Object(App\Controllers\Home))
 5 SYSTEMPATH\CodeIgniter.php(366): CodeIgniter\CodeIgniter->handleRequest(null, Object(Config\Cache), false)
 6 FCPATH\index.php(67): CodeIgniter\CodeIgniter->run()
CRITICAL - 2023-07-13 01:55:13 --> You must use the "set" method to update an entry.
in SYSTEMPATH\Database\BaseBuilder.php on line 2521.
 1 SYSTEMPATH\Database\BaseBuilder.php(2455): CodeIgniter\Database\BaseBuilder->validateUpdate()
 2 APPPATH\Controllers\Home.php(162): CodeIgniter\Database\BaseBuilder->update([])
 3 SYSTEMPATH\CodeIgniter.php(932): App\Controllers\Home->update('1')
 4 SYSTEMPATH\CodeIgniter.php(497): CodeIgniter\CodeIgniter->runController(Object(App\Controllers\Home))
 5 SYSTEMPATH\CodeIgniter.php(366): CodeIgniter\CodeIgniter->handleRequest(null, Object(Config\Cache), false)
 6 FCPATH\index.php(67): CodeIgniter\CodeIgniter->run()
CRITICAL - 2023-07-13 01:55:14 --> You must use the "set" method to update an entry.
in SYSTEMPATH\Database\BaseBuilder.php on line 2521.
 1 SYSTEMPATH\Database\BaseBuilder.php(2455): CodeIgniter\Database\BaseBuilder->validateUpdate()
 2 APPPATH\Controllers\Home.php(162): CodeIgniter\Database\BaseBuilder->update([])
 3 SYSTEMPATH\CodeIgniter.php(932): App\Controllers\Home->update('1')
 4 SYSTEMPATH\CodeIgniter.php(497): CodeIgniter\CodeIgniter->runController(Object(App\Controllers\Home))
 5 SYSTEMPATH\CodeIgniter.php(366): CodeIgniter\CodeIgniter->handleRequest(null, Object(Config\Cache), false)
 6 FCPATH\index.php(67): CodeIgniter\CodeIgniter->run()
CRITICAL - 2023-07-13 01:55:14 --> You must use the "set" method to update an entry.
in SYSTEMPATH\Database\BaseBuilder.php on line 2521.
 1 SYSTEMPATH\Database\BaseBuilder.php(2455): CodeIgniter\Database\BaseBuilder->validateUpdate()
 2 APPPATH\Controllers\Home.php(162): CodeIgniter\Database\BaseBuilder->update([])
 3 SYSTEMPATH\CodeIgniter.php(932): App\Controllers\Home->update('1')
 4 SYSTEMPATH\CodeIgniter.php(497): CodeIgniter\CodeIgniter->runController(Object(App\Controllers\Home))
 5 SYSTEMPATH\CodeIgniter.php(366): CodeIgniter\CodeIgniter->handleRequest(null, Object(Config\Cache), false)
 6 FCPATH\index.php(67): CodeIgniter\CodeIgniter->run()
CRITICAL - 2023-07-13 01:56:06 --> You must use the "set" method to update an entry.
in SYSTEMPATH\Database\BaseBuilder.php on line 2521.
 1 SYSTEMPATH\Database\BaseBuilder.php(2455): CodeIgniter\Database\BaseBuilder->validateUpdate()
 2 APPPATH\Controllers\Home.php(162): CodeIgniter\Database\BaseBuilder->update([])
 3 SYSTEMPATH\CodeIgniter.php(932): App\Controllers\Home->update('1')
 4 SYSTEMPATH\CodeIgniter.php(497): CodeIgniter\CodeIgniter->runController(Object(App\Controllers\Home))
 5 SYSTEMPATH\CodeIgniter.php(366): CodeIgniter\CodeIgniter->handleRequest(null, Object(Config\Cache), false)
 6 FCPATH\index.php(67): CodeIgniter\CodeIgniter->run()
CRITICAL - 2023-07-13 01:56:07 --> You must use the "set" method to update an entry.
in SYSTEMPATH\Database\BaseBuilder.php on line 2521.
 1 SYSTEMPATH\Database\BaseBuilder.php(2455): CodeIgniter\Database\BaseBuilder->validateUpdate()
 2 APPPATH\Controllers\Home.php(162): CodeIgniter\Database\BaseBuilder->update([])
 3 SYSTEMPATH\CodeIgniter.php(932): App\Controllers\Home->update('1')
 4 SYSTEMPATH\CodeIgniter.php(497): CodeIgniter\CodeIgniter->runController(Object(App\Controllers\Home))
 5 SYSTEMPATH\CodeIgniter.php(366): CodeIgniter\CodeIgniter->handleRequest(null, Object(Config\Cache), false)
 6 FCPATH\index.php(67): CodeIgniter\CodeIgniter->run()
CRITICAL - 2023-07-13 01:57:15 --> You must use the "set" method to update an entry.
in SYSTEMPATH\Database\BaseBuilder.php on line 2521.
 1 SYSTEMPATH\Database\BaseBuilder.php(2455): CodeIgniter\Database\BaseBuilder->validateUpdate()
 2 APPPATH\Controllers\Home.php(163): CodeIgniter\Database\BaseBuilder->update()
 3 SYSTEMPATH\CodeIgniter.php(932): App\Controllers\Home->update('1')
 4 SYSTEMPATH\CodeIgniter.php(497): CodeIgniter\CodeIgniter->runController(Object(App\Controllers\Home))
 5 SYSTEMPATH\CodeIgniter.php(366): CodeIgniter\CodeIgniter->handleRequest(null, Object(Config\Cache), false)
 6 FCPATH\index.php(67): CodeIgniter\CodeIgniter->run()
CRITICAL - 2023-07-13 01:57:16 --> You must use the "set" method to update an entry.
in SYSTEMPATH\Database\BaseBuilder.php on line 2521.
 1 SYSTEMPATH\Database\BaseBuilder.php(2455): CodeIgniter\Database\BaseBuilder->validateUpdate()
 2 APPPATH\Controllers\Home.php(163): CodeIgniter\Database\BaseBuilder->update()
 3 SYSTEMPATH\CodeIgniter.php(932): App\Controllers\Home->update('1')
 4 SYSTEMPATH\CodeIgniter.php(497): CodeIgniter\CodeIgniter->runController(Object(App\Controllers\Home))
 5 SYSTEMPATH\CodeIgniter.php(366): CodeIgniter\CodeIgniter->handleRequest(null, Object(Config\Cache), false)
 6 FCPATH\index.php(67): CodeIgniter\CodeIgniter->run()
CRITICAL - 2023-07-13 01:57:17 --> You must use the "set" method to update an entry.
in SYSTEMPATH\Database\BaseBuilder.php on line 2521.
 1 SYSTEMPATH\Database\BaseBuilder.php(2455): CodeIgniter\Database\BaseBuilder->validateUpdate()
 2 APPPATH\Controllers\Home.php(163): CodeIgniter\Database\BaseBuilder->update()
 3 SYSTEMPATH\CodeIgniter.php(932): App\Controllers\Home->update('1')
 4 SYSTEMPATH\CodeIgniter.php(497): CodeIgniter\CodeIgniter->runController(Object(App\Controllers\Home))
 5 SYSTEMPATH\CodeIgniter.php(366): CodeIgniter\CodeIgniter->handleRequest(null, Object(Config\Cache), false)
 6 FCPATH\index.php(67): CodeIgniter\CodeIgniter->run()
CRITICAL - 2023-07-13 01:57:17 --> You must use the "set" method to update an entry.
in SYSTEMPATH\Database\BaseBuilder.php on line 2521.
 1 SYSTEMPATH\Database\BaseBuilder.php(2455): CodeIgniter\Database\BaseBuilder->validateUpdate()
 2 APPPATH\Controllers\Home.php(163): CodeIgniter\Database\BaseBuilder->update()
 3 SYSTEMPATH\CodeIgniter.php(932): App\Controllers\Home->update('1')
 4 SYSTEMPATH\CodeIgniter.php(497): CodeIgniter\CodeIgniter->runController(Object(App\Controllers\Home))
 5 SYSTEMPATH\CodeIgniter.php(366): CodeIgniter\CodeIgniter->handleRequest(null, Object(Config\Cache), false)
 6 FCPATH\index.php(67): CodeIgniter\CodeIgniter->run()
CRITICAL - 2023-07-13 01:57:18 --> You must use the "set" method to update an entry.
in SYSTEMPATH\Database\BaseBuilder.php on line 2521.
 1 SYSTEMPATH\Database\BaseBuilder.php(2455): CodeIgniter\Database\BaseBuilder->validateUpdate()
 2 APPPATH\Controllers\Home.php(163): CodeIgniter\Database\BaseBuilder->update()
 3 SYSTEMPATH\CodeIgniter.php(932): App\Controllers\Home->update('1')
 4 SYSTEMPATH\CodeIgniter.php(497): CodeIgniter\CodeIgniter->runController(Object(App\Controllers\Home))
 5 SYSTEMPATH\CodeIgniter.php(366): CodeIgniter\CodeIgniter->handleRequest(null, Object(Config\Cache), false)
 6 FCPATH\index.php(67): CodeIgniter\CodeIgniter->run()
CRITICAL - 2023-07-13 01:57:19 --> You must use the "set" method to update an entry.
in SYSTEMPATH\Database\BaseBuilder.php on line 2521.
 1 SYSTEMPATH\Database\BaseBuilder.php(2455): CodeIgniter\Database\BaseBuilder->validateUpdate()
 2 APPPATH\Controllers\Home.php(163): CodeIgniter\Database\BaseBuilder->update()
 3 SYSTEMPATH\CodeIgniter.php(932): App\Controllers\Home->update('1')
 4 SYSTEMPATH\CodeIgniter.php(497): CodeIgniter\CodeIgniter->runController(Object(App\Controllers\Home))
 5 SYSTEMPATH\CodeIgniter.php(366): CodeIgniter\CodeIgniter->handleRequest(null, Object(Config\Cache), false)
 6 FCPATH\index.php(67): CodeIgniter\CodeIgniter->run()
CRITICAL - 2023-07-13 01:57:22 --> You must use the "set" method to update an entry.
in SYSTEMPATH\Database\BaseBuilder.php on line 2521.
 1 SYSTEMPATH\Database\BaseBuilder.php(2455): CodeIgniter\Database\BaseBuilder->validateUpdate()
 2 APPPATH\Controllers\Home.php(163): CodeIgniter\Database\BaseBuilder->update()
 3 SYSTEMPATH\CodeIgniter.php(932): App\Controllers\Home->update('1')
 4 SYSTEMPATH\CodeIgniter.php(497): CodeIgniter\CodeIgniter->runController(Object(App\Controllers\Home))
 5 SYSTEMPATH\CodeIgniter.php(366): CodeIgniter\CodeIgniter->handleRequest(null, Object(Config\Cache), false)
 6 FCPATH\index.php(67): CodeIgniter\CodeIgniter->run()
ERROR - 2023-07-13 02:00:41 --> mysqli_sql_exception: Unknown column 'idpersona' in 'where clause' in C:\xampp\htdocs\ci4_p\system\Database\MySQLi\Connection.php:295
Stack trace:
#0 C:\xampp\htdocs\ci4_p\system\Database\MySQLi\Connection.php(295): mysqli->query('UPDATE `cliente...', 0)
#1 C:\xampp\htdocs\ci4_p\system\Database\BaseConnection.php(692): CodeIgniter\Database\MySQLi\Connection->execute('UPDATE `cliente...')
#2 C:\xampp\htdocs\ci4_p\system\Database\BaseConnection.php(606): CodeIgniter\Database\BaseConnection->simpleQuery('UPDATE `cliente...')
#3 C:\xampp\htdocs\ci4_p\system\Database\BaseBuilder.php(2476): CodeIgniter\Database\BaseConnection->query('UPDATE `cliente...', Array, false)
#4 C:\xampp\htdocs\ci4_p\app\Controllers\Home.php(165): CodeIgniter\Database\BaseBuilder->update(Array)
#5 C:\xampp\htdocs\ci4_p\system\CodeIgniter.php(932): App\Controllers\Home->updateData('1', 'Juan')
#6 C:\xampp\htdocs\ci4_p\system\CodeIgniter.php(497): CodeIgniter\CodeIgniter->runController(Object(App\Controllers\Home))
#7 C:\xampp\htdocs\ci4_p\system\CodeIgniter.php(366): CodeIgniter\CodeIgniter->handleRequest(NULL, Object(Config\Cache), false)
#8 C:\xampp\htdocs\ci4_p\index.php(67): CodeIgniter\CodeIgniter->run()
#9 {main}
CRITICAL - 2023-07-13 02:00:41 --> Unknown column 'idpersona' in 'where clause'
in SYSTEMPATH\Database\MySQLi\Connection.php on line 295.
 1 SYSTEMPATH\Database\MySQLi\Connection.php(295): mysqli->query('UPDATE `cliente` SET `marca` = \'Juan\'
WHERE `idpersona` = \'1\'', 0)
 2 SYSTEMPATH\Database\BaseConnection.php(692): CodeIgniter\Database\MySQLi\Connection->execute('UPDATE `cliente` SET `marca` = \'Juan\'
WHERE `idpersona` = \'1\'')
 3 SYSTEMPATH\Database\BaseConnection.php(606): CodeIgniter\Database\BaseConnection->simpleQuery('UPDATE `cliente` SET `marca` = \'Juan\'
WHERE `idpersona` = \'1\'')
 4 SYSTEMPATH\Database\BaseBuilder.php(2476): CodeIgniter\Database\BaseConnection->query('UPDATE `cliente` SET `marca` = :marca:
WHERE `idpersona` = :idpersona:', [...], false)
 5 APPPATH\Controllers\Home.php(165): CodeIgniter\Database\BaseBuilder->update([...])
 6 SYSTEMPATH\CodeIgniter.php(932): App\Controllers\Home->updateData('1', 'Juan')
 7 SYSTEMPATH\CodeIgniter.php(497): CodeIgniter\CodeIgniter->runController(Object(App\Controllers\Home))
 8 SYSTEMPATH\CodeIgniter.php(366): CodeIgniter\CodeIgniter->handleRequest(null, Object(Config\Cache), false)
 9 FCPATH\index.php(67): CodeIgniter\CodeIgniter->run()
ERROR - 2023-07-13 02:00:45 --> mysqli_sql_exception: Unknown column 'idpersona' in 'where clause' in C:\xampp\htdocs\ci4_p\system\Database\MySQLi\Connection.php:295
Stack trace:
#0 C:\xampp\htdocs\ci4_p\system\Database\MySQLi\Connection.php(295): mysqli->query('UPDATE `cliente...', 0)
#1 C:\xampp\htdocs\ci4_p\system\Database\BaseConnection.php(692): CodeIgniter\Database\MySQLi\Connection->execute('UPDATE `cliente...')
#2 C:\xampp\htdocs\ci4_p\system\Database\BaseConnection.php(606): CodeIgniter\Database\BaseConnection->simpleQuery('UPDATE `cliente...')
#3 C:\xampp\htdocs\ci4_p\system\Database\BaseBuilder.php(2476): CodeIgniter\Database\BaseConnection->query('UPDATE `cliente...', Array, false)
#4 C:\xampp\htdocs\ci4_p\app\Controllers\Home.php(165): CodeIgniter\Database\BaseBuilder->update(Array)
#5 C:\xampp\htdocs\ci4_p\system\CodeIgniter.php(932): App\Controllers\Home->updateData('1', 'Juan')
#6 C:\xampp\htdocs\ci4_p\system\CodeIgniter.php(497): CodeIgniter\CodeIgniter->runController(Object(App\Controllers\Home))
#7 C:\xampp\htdocs\ci4_p\system\CodeIgniter.php(366): CodeIgniter\CodeIgniter->handleRequest(NULL, Object(Config\Cache), false)
#8 C:\xampp\htdocs\ci4_p\index.php(67): CodeIgniter\CodeIgniter->run()
#9 {main}
CRITICAL - 2023-07-13 02:00:45 --> Unknown column 'idpersona' in 'where clause'
in SYSTEMPATH\Database\MySQLi\Connection.php on line 295.
 1 SYSTEMPATH\Database\MySQLi\Connection.php(295): mysqli->query('UPDATE `cliente` SET `marca` = \'Juan\'
WHERE `idpersona` = \'1\'', 0)
 2 SYSTEMPATH\Database\BaseConnection.php(692): CodeIgniter\Database\MySQLi\Connection->execute('UPDATE `cliente` SET `marca` = \'Juan\'
WHERE `idpersona` = \'1\'')
 3 SYSTEMPATH\Database\BaseConnection.php(606): CodeIgniter\Database\BaseConnection->simpleQuery('UPDATE `cliente` SET `marca` = \'Juan\'
WHERE `idpersona` = \'1\'')
 4 SYSTEMPATH\Database\BaseBuilder.php(2476): CodeIgniter\Database\BaseConnection->query('UPDATE `cliente` SET `marca` = :marca:
WHERE `idpersona` = :idpersona:', [...], false)
 5 APPPATH\Controllers\Home.php(165): CodeIgniter\Database\BaseBuilder->update([...])
 6 SYSTEMPATH\CodeIgniter.php(932): App\Controllers\Home->updateData('1', 'Juan')
 7 SYSTEMPATH\CodeIgniter.php(497): CodeIgniter\CodeIgniter->runController(Object(App\Controllers\Home))
 8 SYSTEMPATH\CodeIgniter.php(366): CodeIgniter\CodeIgniter->handleRequest(null, Object(Config\Cache), false)
 9 FCPATH\index.php(67): CodeIgniter\CodeIgniter->run()
ERROR - 2023-07-13 02:02:01 --> mysqli_sql_exception: Unknown column 'marca' in 'field list' in C:\xampp\htdocs\ci4_p\system\Database\MySQLi\Connection.php:295
Stack trace:
#0 C:\xampp\htdocs\ci4_p\system\Database\MySQLi\Connection.php(295): mysqli->query('UPDATE `cliente...', 0)
#1 C:\xampp\htdocs\ci4_p\system\Database\BaseConnection.php(692): CodeIgniter\Database\MySQLi\Connection->execute('UPDATE `cliente...')
#2 C:\xampp\htdocs\ci4_p\system\Database\BaseConnection.php(606): CodeIgniter\Database\BaseConnection->simpleQuery('UPDATE `cliente...')
#3 C:\xampp\htdocs\ci4_p\system\Database\BaseBuilder.php(2476): CodeIgniter\Database\BaseConnection->query('UPDATE `cliente...', Array, false)
#4 C:\xampp\htdocs\ci4_p\app\Controllers\Home.php(165): CodeIgniter\Database\BaseBuilder->update(Array)
#5 C:\xampp\htdocs\ci4_p\system\CodeIgniter.php(932): App\Controllers\Home->updateData('1', 'Juan')
#6 C:\xampp\htdocs\ci4_p\system\CodeIgniter.php(497): CodeIgniter\CodeIgniter->runController(Object(App\Controllers\Home))
#7 C:\xampp\htdocs\ci4_p\system\CodeIgniter.php(366): CodeIgniter\CodeIgniter->handleRequest(NULL, Object(Config\Cache), false)
#8 C:\xampp\htdocs\ci4_p\index.php(67): CodeIgniter\CodeIgniter->run()
#9 {main}
CRITICAL - 2023-07-13 02:02:01 --> Unknown column 'marca' in 'field list'
in SYSTEMPATH\Database\MySQLi\Connection.php on line 295.
 1 SYSTEMPATH\Database\MySQLi\Connection.php(295): mysqli->query('UPDATE `cliente` SET `marca` = \'Juan\'
WHERE `idpersonal` = \'1\'', 0)
 2 SYSTEMPATH\Database\BaseConnection.php(692): CodeIgniter\Database\MySQLi\Connection->execute('UPDATE `cliente` SET `marca` = \'Juan\'
WHERE `idpersonal` = \'1\'')
 3 SYSTEMPATH\Database\BaseConnection.php(606): CodeIgniter\Database\BaseConnection->simpleQuery('UPDATE `cliente` SET `marca` = \'Juan\'
WHERE `idpersonal` = \'1\'')
 4 SYSTEMPATH\Database\BaseBuilder.php(2476): CodeIgniter\Database\BaseConnection->query('UPDATE `cliente` SET `marca` = :marca:
WHERE `idpersonal` = :idpersonal:', [...], false)
 5 APPPATH\Controllers\Home.php(165): CodeIgniter\Database\BaseBuilder->update([...])
 6 SYSTEMPATH\CodeIgniter.php(932): App\Controllers\Home->updateData('1', 'Juan')
 7 SYSTEMPATH\CodeIgniter.php(497): CodeIgniter\CodeIgniter->runController(Object(App\Controllers\Home))
 8 SYSTEMPATH\CodeIgniter.php(366): CodeIgniter\CodeIgniter->handleRequest(null, Object(Config\Cache), false)
 9 FCPATH\index.php(67): CodeIgniter\CodeIgniter->run()
INFO - 2023-07-13 02:02:18 --> Session: Class initialized using 'CodeIgniter\Session\Handlers\FileHandler' driver.
INFO - 2023-07-13 02:02:52 --> Session: Class initialized using 'CodeIgniter\Session\Handlers\FileHandler' driver.
INFO - 2023-07-13 02:03:28 --> Session: Class initialized using 'CodeIgniter\Session\Handlers\FileHandler' driver.
INFO - 2023-07-13 02:04:53 --> Session: Class initialized using 'CodeIgniter\Session\Handlers\FileHandler' driver.
INFO - 2023-07-13 02:06:18 --> Session: Class initialized using 'CodeIgniter\Session\Handlers\FileHandler' driver.
INFO - 2023-07-13 02:06:19 --> Session: Class initialized using 'CodeIgniter\Session\Handlers\FileHandler' driver.
WARNING - 2023-07-13 02:08:11 --> [DEPRECATED] Creation of dynamic property App\Controllers\Home::$db is deprecated in APPPATH\Controllers\Home.php on line 134.
 1 SYSTEMPATH\CodeIgniter.php(932): App\Controllers\Home->testdb()
 2 SYSTEMPATH\CodeIgniter.php(497): CodeIgniter\CodeIgniter->runController(Object(App\Controllers\Home))
 3 SYSTEMPATH\CodeIgniter.php(366): CodeIgniter\CodeIgniter->handleRequest(null, Object(Config\Cache), false)
 4 FCPATH\index.php(67): CodeIgniter\CodeIgniter->run()
ERROR - 2023-07-13 02:29:00 --> mysqli_sql_exception: You have an error in your SQL syntax; check the manual that corresponds to your MySQL server version for the right syntax to use near '= ''
WHERE `idpersonal` = '2'' at line 1 in C:\xampp\htdocs\ci4_p\system\Database\MySQLi\Connection.php:295
Stack trace:
#0 C:\xampp\htdocs\ci4_p\system\Database\MySQLi\Connection.php(295): mysqli->query('UPDATE `cliente...', 0)
#1 C:\xampp\htdocs\ci4_p\system\Database\BaseConnection.php(692): CodeIgniter\Database\MySQLi\Connection->execute('UPDATE `cliente...')
#2 C:\xampp\htdocs\ci4_p\system\Database\BaseConnection.php(606): CodeIgniter\Database\BaseConnection->simpleQuery('UPDATE `cliente...')
#3 C:\xampp\htdocs\ci4_p\system\Database\BaseBuilder.php(2476): CodeIgniter\Database\BaseConnection->query('UPDATE `cliente...', Array, false)
#4 C:\xampp\htdocs\ci4_p\app\Controllers\Home.php(173): CodeIgniter\Database\BaseBuilder->update()
#5 C:\xampp\htdocs\ci4_p\system\CodeIgniter.php(932): App\Controllers\Home->actualizarDato('2')
#6 C:\xampp\htdocs\ci4_p\system\CodeIgniter.php(497): CodeIgniter\CodeIgniter->runController(Object(App\Controllers\Home))
#7 C:\xampp\htdocs\ci4_p\system\CodeIgniter.php(366): CodeIgniter\CodeIgniter->handleRequest(NULL, Object(Config\Cache), false)
#8 C:\xampp\htdocs\ci4_p\index.php(67): CodeIgniter\CodeIgniter->run()
#9 {main}
CRITICAL - 2023-07-13 02:29:00 --> You have an error in your SQL syntax; check the manual that corresponds to your MySQL server version for the right syntax to use near '= ''
WHERE `idpersonal` = '2'' at line 1
in SYSTEMPATH\Database\MySQLi\Connection.php on line 295.
 1 SYSTEMPATH\Database\MySQLi\Connection.php(295): mysqli->query('UPDATE `cliente` SET  = \'\'
WHERE `idpersonal` = \'2\'', 0)
 2 SYSTEMPATH\Database\BaseConnection.php(692): CodeIgniter\Database\MySQLi\Connection->execute('UPDATE `cliente` SET  = \'\'
WHERE `idpersonal` = \'2\'')
 3 SYSTEMPATH\Database\BaseConnection.php(606): CodeIgniter\Database\BaseConnection->simpleQuery('UPDATE `cliente` SET  = \'\'
WHERE `idpersonal` = \'2\'')
 4 SYSTEMPATH\Database\BaseBuilder.php(2476): CodeIgniter\Database\BaseConnection->query('UPDATE `cliente` SET  = ::
WHERE `idpersonal` = :idpersonal:', [...], false)
 5 APPPATH\Controllers\Home.php(173): CodeIgniter\Database\BaseBuilder->update()
 6 SYSTEMPATH\CodeIgniter.php(932): App\Controllers\Home->actualizarDato('2')
 7 SYSTEMPATH\CodeIgniter.php(497): CodeIgniter\CodeIgniter->runController(Object(App\Controllers\Home))
 8 SYSTEMPATH\CodeIgniter.php(366): CodeIgniter\CodeIgniter->handleRequest(null, Object(Config\Cache), false)
 9 FCPATH\index.php(67): CodeIgniter\CodeIgniter->run()
ERROR - 2023-07-13 02:30:02 --> mysqli_sql_exception: You have an error in your SQL syntax; check the manual that corresponds to your MySQL server version for the right syntax to use near '= ''
WHERE `idpersonal` = '2'' at line 1 in C:\xampp\htdocs\ci4_p\system\Database\MySQLi\Connection.php:295
Stack trace:
#0 C:\xampp\htdocs\ci4_p\system\Database\MySQLi\Connection.php(295): mysqli->query('UPDATE `cliente...', 0)
#1 C:\xampp\htdocs\ci4_p\system\Database\BaseConnection.php(692): CodeIgniter\Database\MySQLi\Connection->execute('UPDATE `cliente...')
#2 C:\xampp\htdocs\ci4_p\system\Database\BaseConnection.php(606): CodeIgniter\Database\BaseConnection->simpleQuery('UPDATE `cliente...')
#3 C:\xampp\htdocs\ci4_p\system\Database\BaseBuilder.php(2476): CodeIgniter\Database\BaseConnection->query('UPDATE `cliente...', Array, false)
#4 C:\xampp\htdocs\ci4_p\app\Controllers\Home.php(173): CodeIgniter\Database\BaseBuilder->update()
#5 C:\xampp\htdocs\ci4_p\system\CodeIgniter.php(932): App\Controllers\Home->actualizarDato('2')
#6 C:\xampp\htdocs\ci4_p\system\CodeIgniter.php(497): CodeIgniter\CodeIgniter->runController(Object(App\Controllers\Home))
#7 C:\xampp\htdocs\ci4_p\system\CodeIgniter.php(366): CodeIgniter\CodeIgniter->handleRequest(NULL, Object(Config\Cache), false)
#8 C:\xampp\htdocs\ci4_p\index.php(67): CodeIgniter\CodeIgniter->run()
#9 {main}
CRITICAL - 2023-07-13 02:30:02 --> You have an error in your SQL syntax; check the manual that corresponds to your MySQL server version for the right syntax to use near '= ''
WHERE `idpersonal` = '2'' at line 1
in SYSTEMPATH\Database\MySQLi\Connection.php on line 295.
 1 SYSTEMPATH\Database\MySQLi\Connection.php(295): mysqli->query('UPDATE `cliente` SET  = \'\'
WHERE `idpersonal` = \'2\'', 0)
 2 SYSTEMPATH\Database\BaseConnection.php(692): CodeIgniter\Database\MySQLi\Connection->execute('UPDATE `cliente` SET  = \'\'
WHERE `idpersonal` = \'2\'')
 3 SYSTEMPATH\Database\BaseConnection.php(606): CodeIgniter\Database\BaseConnection->simpleQuery('UPDATE `cliente` SET  = \'\'
WHERE `idpersonal` = \'2\'')
 4 SYSTEMPATH\Database\BaseBuilder.php(2476): CodeIgniter\Database\BaseConnection->query('UPDATE `cliente` SET  = ::
WHERE `idpersonal` = :idpersonal:', [...], false)
 5 APPPATH\Controllers\Home.php(173): CodeIgniter\Database\BaseBuilder->update()
 6 SYSTEMPATH\CodeIgniter.php(932): App\Controllers\Home->actualizarDato('2')
 7 SYSTEMPATH\CodeIgniter.php(497): CodeIgniter\CodeIgniter->runController(Object(App\Controllers\Home))
 8 SYSTEMPATH\CodeIgniter.php(366): CodeIgniter\CodeIgniter->handleRequest(null, Object(Config\Cache), false)
 9 FCPATH\index.php(67): CodeIgniter\CodeIgniter->run()
ERROR - 2023-07-13 02:30:51 --> mysqli_sql_exception: You have an error in your SQL syntax; check the manual that corresponds to your MySQL server version for the right syntax to use near '= ''
WHERE `idpersonal` = '2'' at line 1 in C:\xampp\htdocs\ci4_p\system\Database\MySQLi\Connection.php:295
Stack trace:
#0 C:\xampp\htdocs\ci4_p\system\Database\MySQLi\Connection.php(295): mysqli->query('UPDATE `cliente...', 0)
#1 C:\xampp\htdocs\ci4_p\system\Database\BaseConnection.php(692): CodeIgniter\Database\MySQLi\Connection->execute('UPDATE `cliente...')
#2 C:\xampp\htdocs\ci4_p\system\Database\BaseConnection.php(606): CodeIgniter\Database\BaseConnection->simpleQuery('UPDATE `cliente...')
#3 C:\xampp\htdocs\ci4_p\system\Database\BaseBuilder.php(2476): CodeIgniter\Database\BaseConnection->query('UPDATE `cliente...', Array, false)
#4 C:\xampp\htdocs\ci4_p\app\Controllers\Home.php(173): CodeIgniter\Database\BaseBuilder->update()
#5 C:\xampp\htdocs\ci4_p\system\CodeIgniter.php(932): App\Controllers\Home->actualizarDato('2')
#6 C:\xampp\htdocs\ci4_p\system\CodeIgniter.php(497): CodeIgniter\CodeIgniter->runController(Object(App\Controllers\Home))
#7 C:\xampp\htdocs\ci4_p\system\CodeIgniter.php(366): CodeIgniter\CodeIgniter->handleRequest(NULL, Object(Config\Cache), false)
#8 C:\xampp\htdocs\ci4_p\index.php(67): CodeIgniter\CodeIgniter->run()
#9 {main}
CRITICAL - 2023-07-13 02:30:51 --> You have an error in your SQL syntax; check the manual that corresponds to your MySQL server version for the right syntax to use near '= ''
WHERE `idpersonal` = '2'' at line 1
in SYSTEMPATH\Database\MySQLi\Connection.php on line 295.
 1 SYSTEMPATH\Database\MySQLi\Connection.php(295): mysqli->query('UPDATE `cliente` SET  = \'\'
WHERE `idpersonal` = \'2\'', 0)
 2 SYSTEMPATH\Database\BaseConnection.php(692): CodeIgniter\Database\MySQLi\Connection->execute('UPDATE `cliente` SET  = \'\'
WHERE `idpersonal` = \'2\'')
 3 SYSTEMPATH\Database\BaseConnection.php(606): CodeIgniter\Database\BaseConnection->simpleQuery('UPDATE `cliente` SET  = \'\'
WHERE `idpersonal` = \'2\'')
 4 SYSTEMPATH\Database\BaseBuilder.php(2476): CodeIgniter\Database\BaseConnection->query('UPDATE `cliente` SET  = ::
WHERE `idpersonal` = :idpersonal:', [...], false)
 5 APPPATH\Controllers\Home.php(173): CodeIgniter\Database\BaseBuilder->update()
 6 SYSTEMPATH\CodeIgniter.php(932): App\Controllers\Home->actualizarDato('2')
 7 SYSTEMPATH\CodeIgniter.php(497): CodeIgniter\CodeIgniter->runController(Object(App\Controllers\Home))
 8 SYSTEMPATH\CodeIgniter.php(366): CodeIgniter\CodeIgniter->handleRequest(null, Object(Config\Cache), false)
 9 FCPATH\index.php(67): CodeIgniter\CodeIgniter->run()
CRITICAL - 2023-07-13 02:40:23 --> Undefined variable $app
in APPPATH\Config\Routes.php on line 42.
 1 APPPATH\Config\Routes.php(42): CodeIgniter\Debug\Exceptions->errorHandler(2, 'Undefined variable $app', 'C:\\xampp\\htdocs\\ci4_p\\app\\Config\\Routes.php', 42)
 2 SYSTEMPATH\Router\RouteCollection.php(267): require('C:\\xampp\\htdocs\\ci4_p\\app\\Config\\Routes.php')
 3 SYSTEMPATH\CodeIgniter.php(800): CodeIgniter\Router\RouteCollection->loadRoutes()
 4 SYSTEMPATH\CodeIgniter.php(447): CodeIgniter\CodeIgniter->tryToRouteIt(null)
 5 SYSTEMPATH\CodeIgniter.php(366): CodeIgniter\CodeIgniter->handleRequest(null, Object(Config\Cache), false)
 6 FCPATH\index.php(67): CodeIgniter\CodeIgniter->run()
WARNING - 2023-07-13 02:49:37 --> [DEPRECATED] Creation of dynamic property App\Controllers\Home::$db is deprecated in APPPATH\Controllers\Home.php on line 134.
 1 SYSTEMPATH\CodeIgniter.php(932): App\Controllers\Home->testdb()
 2 SYSTEMPATH\CodeIgniter.php(497): CodeIgniter\CodeIgniter->runController(Object(App\Controllers\Home))
 3 SYSTEMPATH\CodeIgniter.php(366): CodeIgniter\CodeIgniter->handleRequest(null, Object(Config\Cache), false)
 4 FCPATH\index.php(67): CodeIgniter\CodeIgniter->run()
WARNING - 2023-07-13 03:22:48 --> [DEPRECATED] Creation of dynamic property App\Controllers\Home::$db is deprecated in APPPATH\Controllers\Home.php on line 134.
 1 SYSTEMPATH\CodeIgniter.php(932): App\Controllers\Home->testdb()
 2 SYSTEMPATH\CodeIgniter.php(497): CodeIgniter\CodeIgniter->runController(Object(App\Controllers\Home))
 3 SYSTEMPATH\CodeIgniter.php(366): CodeIgniter\CodeIgniter->handleRequest(null, Object(Config\Cache), false)
 4 FCPATH\index.php(67): CodeIgniter\CodeIgniter->run()
WARNING - 2023-07-13 22:05:14 --> [DEPRECATED] Creation of dynamic property App\Controllers\Home::$db is deprecated in APPPATH\Controllers\Home.php on line 134.
 1 SYSTEMPATH\CodeIgniter.php(932): App\Controllers\Home->testdb()
 2 SYSTEMPATH\CodeIgniter.php(497): CodeIgniter\CodeIgniter->runController(Object(App\Controllers\Home))
 3 SYSTEMPATH\CodeIgniter.php(366): CodeIgniter\CodeIgniter->handleRequest(null, Object(Config\Cache), false)
 4 FCPATH\index.php(67): CodeIgniter\CodeIgniter->run()
ERROR - 2023-07-13 22:05:14 --> mysqli_sql_exception: Unknown database 'aerie' in C:\xampp\htdocs\ci4_p\system\Database\MySQLi\Connection.php:295
Stack trace:
#0 C:\xampp\htdocs\ci4_p\system\Database\MySQLi\Connection.php(295): mysqli->query('SELECT id, Anim...', 0)
#1 C:\xampp\htdocs\ci4_p\system\Database\BaseConnection.php(692): CodeIgniter\Database\MySQLi\Connection->execute('SELECT id, Anim...')
#2 C:\xampp\htdocs\ci4_p\system\Database\BaseConnection.php(606): CodeIgniter\Database\BaseConnection->simpleQuery('SELECT id, Anim...')
#3 C:\xampp\htdocs\ci4_p\app\Controllers\Home.php(135): CodeIgniter\Database\BaseConnection->query('SELECT id, Anim...')
#4 C:\xampp\htdocs\ci4_p\system\CodeIgniter.php(932): App\Controllers\Home->testdb()
#5 C:\xampp\htdocs\ci4_p\system\CodeIgniter.php(497): CodeIgniter\CodeIgniter->runController(Object(App\Controllers\Home))
#6 C:\xampp\htdocs\ci4_p\system\CodeIgniter.php(366): CodeIgniter\CodeIgniter->handleRequest(NULL, Object(Config\Cache), false)
#7 C:\xampp\htdocs\ci4_p\index.php(67): CodeIgniter\CodeIgniter->run()
#8 {main}
CRITICAL - 2023-07-13 22:05:15 --> Unknown database 'aerie'
in SYSTEMPATH\Database\MySQLi\Connection.php on line 295.
 1 SYSTEMPATH\Database\MySQLi\Connection.php(295): mysqli->query('SELECT id, Anime, Sipnosis, Episodios, Temporadas, Fecha_de_estreno, Plataforma_Oficial
        FROM aerie.Animes', 0)
 2 SYSTEMPATH\Database\BaseConnection.php(692): CodeIgniter\Database\MySQLi\Connection->execute('SELECT id, Anime, Sipnosis, Episodios, Temporadas, Fecha_de_estreno, Plataforma_Oficial
        FROM aerie.Animes')
 3 SYSTEMPATH\Database\BaseConnection.php(606): CodeIgniter\Database\BaseConnection->simpleQuery('SELECT id, Anime, Sipnosis, Episodios, Temporadas, Fecha_de_estreno, Plataforma_Oficial
        FROM aerie.Animes')
 4 APPPATH\Controllers\Home.php(135): CodeIgniter\Database\BaseConnection->query('SELECT id, Anime, Sipnosis, Episodios, Temporadas, Fecha_de_estreno, Plataforma_Oficial
        FROM aerie.Animes')
 5 SYSTEMPATH\CodeIgniter.php(932): App\Controllers\Home->testdb()
 6 SYSTEMPATH\CodeIgniter.php(497): CodeIgniter\CodeIgniter->runController(Object(App\Controllers\Home))
 7 SYSTEMPATH\CodeIgniter.php(366): CodeIgniter\CodeIgniter->handleRequest(null, Object(Config\Cache), false)
 8 FCPATH\index.php(67): CodeIgniter\CodeIgniter->run()
WARNING - 2023-07-13 22:05:54 --> [DEPRECATED] Creation of dynamic property App\Controllers\Home::$db is deprecated in APPPATH\Controllers\Home.php on line 134.
 1 SYSTEMPATH\CodeIgniter.php(932): App\Controllers\Home->testdb()
 2 SYSTEMPATH\CodeIgniter.php(497): CodeIgniter\CodeIgniter->runController(Object(App\Controllers\Home))
 3 SYSTEMPATH\CodeIgniter.php(366): CodeIgniter\CodeIgniter->handleRequest(null, Object(Config\Cache), false)
 4 FCPATH\index.php(67): CodeIgniter\CodeIgniter->run()
WARNING - 2023-07-13 22:10:35 --> [DEPRECATED] Creation of dynamic property App\Controllers\Home::$db is deprecated in APPPATH\Controllers\Home.php on line 134.
 1 SYSTEMPATH\CodeIgniter.php(932): App\Controllers\Home->testdb()
 2 SYSTEMPATH\CodeIgniter.php(497): CodeIgniter\CodeIgniter->runController(Object(App\Controllers\Home))
 3 SYSTEMPATH\CodeIgniter.php(366): CodeIgniter\CodeIgniter->handleRequest(null, Object(Config\Cache), false)
 4 FCPATH\index.php(67): CodeIgniter\CodeIgniter->run()
WARNING - 2023-07-13 22:13:22 --> [DEPRECATED] Creation of dynamic property App\Controllers\Home::$db is deprecated in APPPATH\Controllers\Home.php on line 133.
 1 SYSTEMPATH\CodeIgniter.php(932): App\Controllers\Home->testdb()
 2 SYSTEMPATH\CodeIgniter.php(497): CodeIgniter\CodeIgniter->runController(Object(App\Controllers\Home))
 3 SYSTEMPATH\CodeIgniter.php(366): CodeIgniter\CodeIgniter->handleRequest(null, Object(Config\Cache), false)
 4 FCPATH\index.php(67): CodeIgniter\CodeIgniter->run()
WARNING - 2023-07-13 22:15:11 --> [DEPRECATED] Creation of dynamic property App\Controllers\Home::$db is deprecated in APPPATH\Controllers\Home.php on line 144.
 1 SYSTEMPATH\CodeIgniter.php(932): App\Controllers\Home->testdb('29')
 2 SYSTEMPATH\CodeIgniter.php(497): CodeIgniter\CodeIgniter->runController(Object(App\Controllers\Home))
 3 SYSTEMPATH\CodeIgniter.php(366): CodeIgniter\CodeIgniter->handleRequest(null, Object(Config\Cache), false)
 4 FCPATH\index.php(67): CodeIgniter\CodeIgniter->run()
WARNING - 2023-07-13 22:15:14 --> [DEPRECATED] Creation of dynamic property App\Controllers\Home::$db is deprecated in APPPATH\Controllers\Home.php on line 144.
 1 SYSTEMPATH\CodeIgniter.php(932): App\Controllers\Home->testdb('2')
 2 SYSTEMPATH\CodeIgniter.php(497): CodeIgniter\CodeIgniter->runController(Object(App\Controllers\Home))
 3 SYSTEMPATH\CodeIgniter.php(366): CodeIgniter\CodeIgniter->handleRequest(null, Object(Config\Cache), false)
 4 FCPATH\index.php(67): CodeIgniter\CodeIgniter->run()
WARNING - 2023-07-13 22:21:55 --> [DEPRECATED] Creation of dynamic property App\Controllers\Home::$db is deprecated in APPPATH\Controllers\Home.php on line 133.
 1 SYSTEMPATH\CodeIgniter.php(932): App\Controllers\Home->testdb()
 2 SYSTEMPATH\CodeIgniter.php(497): CodeIgniter\CodeIgniter->runController(Object(App\Controllers\Home))
 3 SYSTEMPATH\CodeIgniter.php(366): CodeIgniter\CodeIgniter->handleRequest(null, Object(Config\Cache), false)
 4 FCPATH\index.php(67): CodeIgniter\CodeIgniter->run()
WARNING - 2023-07-13 22:22:01 --> [DEPRECATED] Creation of dynamic property App\Controllers\Home::$db is deprecated in APPPATH\Controllers\Home.php on line 133.
 1 SYSTEMPATH\CodeIgniter.php(932): App\Controllers\Home->testdb()
 2 SYSTEMPATH\CodeIgniter.php(497): CodeIgniter\CodeIgniter->runController(Object(App\Controllers\Home))
 3 SYSTEMPATH\CodeIgniter.php(366): CodeIgniter\CodeIgniter->handleRequest(null, Object(Config\Cache), false)
 4 FCPATH\index.php(67): CodeIgniter\CodeIgniter->run()
WARNING - 2023-07-13 22:22:46 --> [DEPRECATED] Creation of dynamic property App\Controllers\Home::$db is deprecated in APPPATH\Controllers\Home.php on line 133.
 1 SYSTEMPATH\CodeIgniter.php(932): App\Controllers\Home->testdb()
 2 SYSTEMPATH\CodeIgniter.php(497): CodeIgniter\CodeIgniter->runController(Object(App\Controllers\Home))
 3 SYSTEMPATH\CodeIgniter.php(366): CodeIgniter\CodeIgniter->handleRequest(null, Object(Config\Cache), false)
 4 FCPATH\index.php(67): CodeIgniter\CodeIgniter->run()
WARNING - 2023-07-13 23:00:47 --> [DEPRECATED] Creation of dynamic property App\Controllers\Home::$db is deprecated in APPPATH\Controllers\Home.php on line 131.
 1 SYSTEMPATH\CodeIgniter.php(932): App\Controllers\Home->testdb()
 2 SYSTEMPATH\CodeIgniter.php(497): CodeIgniter\CodeIgniter->runController(Object(App\Controllers\Home))
 3 SYSTEMPATH\CodeIgniter.php(366): CodeIgniter\CodeIgniter->handleRequest(null, Object(Config\Cache), false)
 4 FCPATH\index.php(67): CodeIgniter\CodeIgniter->run()
WARNING - 2023-07-13 23:50:23 --> [DEPRECATED] Creation of dynamic property App\Controllers\Home::$db is deprecated in APPPATH\Controllers\Home.php on line 133.
 1 SYSTEMPATH\CodeIgniter.php(932): App\Controllers\Home->testdb()
 2 SYSTEMPATH\CodeIgniter.php(497): CodeIgniter\CodeIgniter->runController(Object(App\Controllers\Home))
 3 SYSTEMPATH\CodeIgniter.php(366): CodeIgniter\CodeIgniter->handleRequest(null, Object(Config\Cache), false)
 4 FCPATH\index.php(67): CodeIgniter\CodeIgniter->run()
WARNING - 2023-07-13 23:51:00 --> [DEPRECATED] Creation of dynamic property App\Controllers\Home::$db is deprecated in APPPATH\Controllers\Home.php on line 133.
 1 SYSTEMPATH\CodeIgniter.php(932): App\Controllers\Home->testdb('5')
 2 SYSTEMPATH\CodeIgniter.php(497): CodeIgniter\CodeIgniter->runController(Object(App\Controllers\Home))
 3 SYSTEMPATH\CodeIgniter.php(366): CodeIgniter\CodeIgniter->handleRequest(null, Object(Config\Cache), false)
 4 FCPATH\index.php(67): CodeIgniter\CodeIgniter->run()
WARNING - 2023-07-13 23:51:12 --> [DEPRECATED] Creation of dynamic property App\Controllers\Home::$db is deprecated in APPPATH\Controllers\Home.php on line 133.
 1 SYSTEMPATH\CodeIgniter.php(932): App\Controllers\Home->testdb('5')
 2 SYSTEMPATH\CodeIgniter.php(497): CodeIgniter\CodeIgniter->runController(Object(App\Controllers\Home))
 3 SYSTEMPATH\CodeIgniter.php(366): CodeIgniter\CodeIgniter->handleRequest(null, Object(Config\Cache), false)
 4 FCPATH\index.php(67): CodeIgniter\CodeIgniter->run()
WARNING - 2023-07-13 23:51:42 --> [DEPRECATED] Creation of dynamic property App\Controllers\Home::$db is deprecated in APPPATH\Controllers\Home.php on line 144.
 1 SYSTEMPATH\CodeIgniter.php(932): App\Controllers\Home->testdb('5')
 2 SYSTEMPATH\CodeIgniter.php(497): CodeIgniter\CodeIgniter->runController(Object(App\Controllers\Home))
 3 SYSTEMPATH\CodeIgniter.php(366): CodeIgniter\CodeIgniter->handleRequest(null, Object(Config\Cache), false)
 4 FCPATH\index.php(67): CodeIgniter\CodeIgniter->run()
